Log file open, 05/26/19 17:22:48
LogWindows: Failed to load 'aqProf.dll' (GetLastError=126)
LogWindows: File 'aqProf.dll' does not exist
LogWindows: Failed to load 'VtuneApi.dll' (GetLastError=126)
LogWindows: File 'VtuneApi.dll' does not exist
LogWindows: Failed to load 'VtuneApi32e.dll' (GetLastError=126)
LogWindows: File 'VtuneApi32e.dll' does not exist
LogConsoleResponse: Display: Failed to find resolution value strings in scalability ini. Falling back to default.
LogInit: Display: Running engine for game: InfiniteMatrix
LogPakFile: Registered encryption key '00000000000000000000000000000000': 0 pak files mounted, 0 remain pending
LogPlatformFile: Not using cached read wrapper
LogTaskGraph: Started task graph with 5 named threads and 11 total threads with 3 sets of task threads.
LogStats: Stats thread started at 0.309622
LogD3D11RHI: Loaded GFSDK_Aftermath_Lib.x64.dll
LogICUInternationalization: ICU TimeZone Detection - Raw Offset: +5:30, Platform Override: ''
LogPluginManager: Mounting plugin Paper2D
LogPluginManager: Mounting plugin AISupport
LogPluginManager: Mounting plugin LightPropagationVolume
LogPluginManager: Mounting plugin ActorLayerUtilities
LogPluginManager: Mounting plugin AnimationSharing
LogPluginManager: Mounting plugin CLionSourceCodeAccess
LogPluginManager: Mounting plugin CodeLiteSourceCodeAccess
LogPluginManager: Mounting plugin GitSourceControl
LogPluginManager: Mounting plugin KDevelopSourceCodeAccess
LogPluginManager: Mounting plugin NullSourceCodeAccess
LogPluginManager: Mounting plugin PerforceSourceControl
LogPluginManager: Mounting plugin SubversionSourceControl
LogPluginManager: Mounting plugin UObjectPlugin
LogPluginManager: Mounting plugin VisualStudioCodeSourceCodeAccess
LogPluginManager: Mounting plugin VisualStudioSourceCodeAccess
LogPluginManager: Mounting plugin XCodeSourceCodeAccess
LogPluginManager: Mounting plugin AssetManagerEditor
LogPluginManager: Mounting plugin CryptoKeys
LogPluginManager: Mounting plugin DataValidation
LogPluginManager: Mounting plugin FacialAnimation
LogPluginManager: Mounting plugin GameplayTagsEditor
LogPluginManager: Mounting plugin MacGraphicsSwitching
LogPluginManager: Mounting plugin MaterialAnalyzer
LogPluginManager: Mounting plugin MobileLauncherProfileWizard
LogPluginManager: Mounting plugin PluginBrowser
LogPluginManager: Mounting plugin SpeedTreeImporter
LogPluginManager: Mounting plugin DatasmithContent
LogPluginManager: Mounting plugin VariantManagerContent
LogPluginManager: Mounting plugin AlembicImporter
LogPluginManager: Mounting plugin AppleImageUtils
LogPluginManager: Mounting plugin AppleVision
LogPluginManager: Mounting plugin BackChannel
LogPluginManager: Mounting plugin CharacterAI
LogPluginManager: Mounting plugin GeometryCache
LogPluginManager: Mounting plugin HTML5Networking
LogPluginManager: Mounting plugin ProxyLODPlugin
LogPluginManager: Mounting plugin SkeletalReduction
LogPluginManager: Mounting plugin MagicLeap
LogPluginManager: Mounting plugin MagicLeapMedia
LogPluginManager: Mounting plugin AndroidMedia
LogPluginManager: Mounting plugin AvfMedia
LogPluginManager: Mounting plugin ImgMedia
LogPluginManager: Mounting plugin LinearTimecode
LogPluginManager: Mounting plugin MediaCompositing
LogPluginManager: Mounting plugin MediaPlayerEditor
LogPluginManager: Mounting plugin WebMMedia
LogPluginManager: Mounting plugin WmfMedia
LogPluginManager: Mounting plugin TcpMessaging
LogPluginManager: Mounting plugin UdpMessaging
LogPluginManager: Mounting plugin ActorSequence
LogPluginManager: Mounting plugin LevelSequenceEditor
LogPluginManager: Mounting plugin MatineeToLevelSequence
LogPluginManager: Mounting plugin NetcodeUnitTest
LogPluginManager: Mounting plugin NUTUnrealEngine4
LogPluginManager: Mounting plugin OnlineSubsystemGooglePlay
LogPluginManager: Mounting plugin OnlineSubsystemIOS
LogPluginManager: Mounting plugin OnlineSubsystem
LogPluginManager: Mounting plugin OnlineSubsystemNull
LogPluginManager: Mounting plugin OnlineSubsystemUtils
LogPluginManager: Mounting plugin LauncherChunkInstaller
LogPluginManager: Mounting plugin AndroidDeviceProfileSelector
LogPluginManager: Mounting plugin AndroidMoviePlayer
LogPluginManager: Mounting plugin AndroidPermission
LogPluginManager: Mounting plugin AppleMoviePlayer
LogPluginManager: Mounting plugin ArchVisCharacter
LogPluginManager: Mounting plugin AudioCapture
LogPluginManager: Mounting plugin CableComponent
LogPluginManager: Mounting plugin CustomMeshComponent
LogPluginManager: Mounting plugin EditableMesh
LogPluginManager: Mounting plugin ExampleDeviceProfileSelector
LogPluginManager: Mounting plugin Firebase
LogPluginManager: Mounting plugin GoogleCloudMessaging
LogPluginManager: Mounting plugin IOSDeviceProfileSelector
LogPluginManager: Mounting plugin LinuxDeviceProfileSelector
LogPluginManager: Mounting plugin LocationServicesBPLibrary
LogPluginManager: Mounting plugin MobilePatchingUtils
LogPluginManager: Mounting plugin OculusVR
LogPluginManager: Mounting plugin PhysXVehicles
LogPluginManager: Mounting plugin ProceduralMeshComponent
LogPluginManager: Mounting plugin RuntimePhysXCooking
LogPluginManager: Mounting plugin SignificanceManager
LogPluginManager: Mounting plugin SteamVR
LogPluginManager: Mounting plugin WebMMoviePlayer
LogPluginManager: Mounting plugin WindowsMoviePlayer
LogInit: Using libcurl 7.55.1-DEV
LogInit:  - built for x86_64-pc-win32
LogInit:  - supports SSL with OpenSSL/1.1.1
LogInit:  - supports HTTP deflate (compression) using libz 1.2.8
LogInit:  - other features:
LogInit:      CURL_VERSION_SSL
LogInit:      CURL_VERSION_LIBZ
LogInit:      CURL_VERSION_IPV6
LogInit:      CURL_VERSION_ASYNCHDNS
LogInit:      CURL_VERSION_LARGEFILE
LogInit:      CURL_VERSION_IDN
LogInit:  CurlRequestOptions (configurable via config and command line):
LogInit:  - bVerifyPeer = true  - Libcurl will verify peer certificate
LogInit:  - bUseHttpProxy = false  - Libcurl will NOT use HTTP proxy
LogInit:  - bDontReuseConnections = false  - Libcurl will reuse connections
LogInit:  - MaxHostConnections = 16  - Libcurl will limit the number of connections to a host
LogInit:  - LocalHostAddr = Default
LogInit:  - BufferSize = 65536
LogInit: WinSock: version 1.1 (2.2), MaxSocks=32767, MaxUdp=65467
LogInit: Build: ++UE4+Release-4.22-CL-6574378
LogInit: Engine Version: 4.22.2-6574378+++UE4+Release-4.22
LogInit: Compatible Engine Version: 4.22.0-5660361+++UE4+Release-4.22
LogInit: Net CL: 5660361
LogInit: OS: Windows 10 (Release 1809) (), CPU: Intel(R) Core(TM) i5-6200U CPU @ 2.30GHz, GPU: Intel(R) HD Graphics 520
LogInit: Compiled (64-bit): May 20 2019 09:54:56
LogInit: Compiled with Visual C++: 19.16.27025.01
LogInit: Build Configuration: Development
LogInit: Branch Name: ++UE4+Release-4.22
LogInit: Command Line: 
LogInit: Base Directory: C:/Program Files/Epic Games/UE_4.22/Engine/Binaries/Win64/
LogInit: Installed Engine Build: 1
LogDevObjectVersion: Number of dev versions registered: 23
LogDevObjectVersion:   Dev-Blueprints (B0D832E4-1F89-4F0D-ACCF-7EB736FD4AA2): 10
LogDevObjectVersion:   Dev-Build (E1C64328-A22C-4D53-A36C-8E866417BD8C): 0
LogDevObjectVersion:   Dev-Core (375EC13C-06E4-48FB-B500-84F0262A717E): 3
LogDevObjectVersion:   Dev-Editor (E4B068ED-F494-42E9-A231-DA0B2E46BB41): 30
LogDevObjectVersion:   Dev-Framework (CFFC743F-43B0-4480-9391-14DF171D2073): 35
LogDevObjectVersion:   Dev-Mobile (B02B49B5-BB20-44E9-A304-32B752E40360): 2
LogDevObjectVersion:   Dev-Networking (A4E4105C-59A1-49B5-A7C5-40C4547EDFEE): 0
LogDevObjectVersion:   Dev-Online (39C831C9-5AE6-47DC-9A44-9C173E1C8E7C): 0
LogDevObjectVersion:   Dev-Physics (78F01B33-EBEA-4F98-B9B4-84EACCB95AA2): 0
LogDevObjectVersion:   Dev-Platform (6631380F-2D4D-43E0-8009-CF276956A95A): 0
LogDevObjectVersion:   Dev-Rendering (12F88B9F-8875-4AFC-A67C-D90C383ABD29): 28
LogDevObjectVersion:   Dev-Sequencer (7B5AE74C-D270-4C10-A958-57980B212A5A): 11
LogDevObjectVersion:   Dev-VR (D7296918-1DD6-4BDD-9DE2-64A83CC13884): 2
LogDevObjectVersion:   Dev-LoadTimes (C2A15278-BFE7-4AFE-6C17-90FF531DF755): 1
LogDevObjectVersion:   Private-Geometry (6EACA3D4-40EC-4CC1-B786-8BED09428FC5): 3
LogDevObjectVersion:   Dev-AnimPhys (29E575DD-E0A3-4627-9D10-D276232CDCEA): 17
LogDevObjectVersion:   Dev-Anim (AF43A65D-7FD3-4947-9873-3E8ED9C1BB05): 2
LogDevObjectVersion:   Dev-ReflectionCapture (6B266CEC-1EC7-4B8F-A30B-E4D90942FC07): 1
LogDevObjectVersion:   Dev-Automation (0DF73D61-A23F-47EA-B727-89E90C41499A): 1
LogDevObjectVersion:   FortniteMain (601D1886-AC64-4F84-AA16-D3DE0DEAC7D6): 25
LogDevObjectVersion:   Dev-Enterprise (9DFFBCD6-494F-0158-E221-12823C92A888): 6
LogDevObjectVersion:   Dev-Niagara (F2AED0AC-9AFE-416F-8664-AA7FFA26D6FC): 1
LogDevObjectVersion:   Dev-Destruction (174F1F0B-B4C6-45A5-B13F-2EE8D0FB917D): 2
LogInit: Presizing for max 16777216 objects, including 0 objects not considered by GC, pre-allocating 0 bytes for permanent pool.
LogInit: Object subsystem initialized
LogConfig: Setting CVar [[con.DebugEarlyDefault:1]]
LogConfig: Setting CVar [[r.setres:1280x720]]
[2019.05.26-11.53.03:063][  0]LogConfig: Setting CVar [[r.VSync:0]]
[2019.05.26-11.53.03:063][  0]LogConfig: Setting CVar [[r.RHICmdBypass:0]]
[2019.05.26-11.53.03:063][  0]LogConfig: Applying CVar settings from Section [/Script/Engine.RendererSettings] File [E:/ACEDAMIC/3rd Year/SCS 3113 - Game development/InfiniteMatrixStarter/Saved/Config/Windows/Engine.ini]
[2019.05.26-11.53.03:063][  0]LogConfig: Setting CVar [[r.GPUCrashDebugging:0]]
[2019.05.26-11.53.03:063][  0]LogConfig: Applying CVar settings from Section [/Script/Engine.RendererOverrideSettings] File [E:/ACEDAMIC/3rd Year/SCS 3113 - Game development/InfiniteMatrixStarter/Saved/Config/Windows/Engine.ini]
[2019.05.26-11.53.03:063][  0]LogConfig: Applying CVar settings from Section [/Script/Engine.StreamingSettings] File [E:/ACEDAMIC/3rd Year/SCS 3113 - Game development/InfiniteMatrixStarter/Saved/Config/Windows/Engine.ini]
[2019.05.26-11.53.03:063][  0]LogConfig: Setting CVar [[s.MinBulkDataSizeForAsyncLoading:131072]]
[2019.05.26-11.53.03:063][  0]LogConfig: Setting CVar [[s.AsyncLoadingThreadEnabled:0]]
[2019.05.26-11.53.03:063][  0]LogConfig: Setting CVar [[s.EventDrivenLoaderEnabled:1]]
[2019.05.26-11.53.03:063][  0]LogConfig: Setting CVar [[s.WarnIfTimeLimitExceeded:0]]
[2019.05.26-11.53.03:063][  0]LogConfig: Setting CVar [[s.TimeLimitExceededMultiplier:1.5]]
[2019.05.26-11.53.03:063][  0]LogConfig: Setting CVar [[s.TimeLimitExceededMinTime:0.005]]
[2019.05.26-11.53.03:063][  0]LogConfig: Setting CVar [[s.UseBackgroundLevelStreaming:1]]
[2019.05.26-11.53.03:063][  0]LogConfig: Setting CVar [[s.PriorityAsyncLoadingExtraTime:15.0]]
[2019.05.26-11.53.03:063][  0]LogConfig: Setting CVar [[s.LevelStreamingActorsUpdateTimeLimit:5.0]]
[2019.05.26-11.53.03:063][  0]LogConfig: Setting CVar [[s.PriorityLevelStreamingActorsUpdateExtraTime:5.0]]
[2019.05.26-11.53.03:063][  0]LogConfig: Setting CVar [[s.LevelStreamingComponentsRegistrationGranularity:10]]
[2019.05.26-11.53.03:063][  0]LogConfig: Setting CVar [[s.UnregisterComponentsTimeLimit:1.0]]
[2019.05.26-11.53.03:063][  0]LogConfig: Setting CVar [[s.LevelStreamingComponentsUnregistrationGranularity:5]]
[2019.05.26-11.53.03:063][  0]LogConfig: Applying CVar settings from Section [/Script/Engine.GarbageCollectionSettings] File [E:/ACEDAMIC/3rd Year/SCS 3113 - Game development/InfiniteMatrixStarter/Saved/Config/Windows/Engine.ini]
[2019.05.26-11.53.03:063][  0]LogConfig: Setting CVar [[gc.MaxObjectsNotConsideredByGC:1]]
[2019.05.26-11.53.03:063][  0]LogConfig: Setting CVar [[gc.SizeOfPermanentObjectPool:0]]
[2019.05.26-11.53.03:063][  0]LogConfig: Setting CVar [[gc.FlushStreamingOnGC:0]]
[2019.05.26-11.53.03:063][  0]LogConfig: Setting CVar [[gc.NumRetriesBeforeForcingGC:10]]
[2019.05.26-11.53.03:063][  0]LogConfig: Setting CVar [[gc.AllowParallelGC:1]]
[2019.05.26-11.53.03:064][  0]LogConfig: Setting CVar [[gc.TimeBetweenPurgingPendingKillObjects:61.1]]
[2019.05.26-11.53.03:064][  0]LogConfig: Setting CVar [[gc.MaxObjectsInEditor:16777216]]
[2019.05.26-11.53.03:064][  0]LogConfig: Setting CVar [[gc.IncrementalBeginDestroyEnabled:1]]
[2019.05.26-11.53.03:064][  0]LogConfig: Setting CVar [[gc.CreateGCClusters:1]]
[2019.05.26-11.53.03:064][  0]LogConfig: Setting CVar [[gc.MinGCClusterSize:5]]
[2019.05.26-11.53.03:064][  0]LogConfig: Setting CVar [[gc.ActorClusteringEnabled:0]]
[2019.05.26-11.53.03:064][  0]LogConfig: Setting CVar [[gc.BlueprintClusteringEnabled:0]]
[2019.05.26-11.53.03:064][  0]LogConfig: Setting CVar [[gc.UseDisregardForGCOnDedicatedServers:0]]
[2019.05.26-11.53.03:064][  0]LogConfig: Applying CVar settings from Section [/Script/Engine.NetworkSettings] File [E:/ACEDAMIC/3rd Year/SCS 3113 - Game development/InfiniteMatrixStarter/Saved/Config/Windows/Engine.ini]
[2019.05.26-11.53.03:064][  0]LogConfig: Applying CVar settings from Section [/Script/UnrealEd.CookerSettings] File [E:/ACEDAMIC/3rd Year/SCS 3113 - Game development/InfiniteMatrixStarter/Saved/Config/Windows/Engine.ini]
[2019.05.26-11.53.03:147][  0]LogConfig: Applying CVar settings from Section [ViewDistanceQuality@3] File [E:/ACEDAMIC/3rd Year/SCS 3113 - Game development/InfiniteMatrixStarter/Saved/Config/Windows/Scalability.ini]
[2019.05.26-11.53.03:148][  0]LogConfig: Setting CVar [[r.SkeletalMeshLODBias:0]]
[2019.05.26-11.53.03:148][  0]LogConfig: Setting CVar [[r.ViewDistanceScale:1.0]]
[2019.05.26-11.53.03:148][  0]LogConfig: Applying CVar settings from Section [AntiAliasingQuality@3] File [E:/ACEDAMIC/3rd Year/SCS 3113 - Game development/InfiniteMatrixStarter/Saved/Config/Windows/Scalability.ini]
[2019.05.26-11.53.03:148][  0]LogConfig: Setting CVar [[r.PostProcessAAQuality:4]]
[2019.05.26-11.53.03:148][  0]LogConfig: Applying CVar settings from Section [ShadowQuality@3] File [E:/ACEDAMIC/3rd Year/SCS 3113 - Game development/InfiniteMatrixStarter/Saved/Config/Windows/Scalability.ini]
[2019.05.26-11.53.03:148][  0]LogConfig: Setting CVar [[r.LightFunctionQuality:1]]
[2019.05.26-11.53.03:148][  0]LogConfig: Setting CVar [[r.ShadowQuality:5]]
[2019.05.26-11.53.03:148][  0]LogConfig: Setting CVar [[r.Shadow.CSM.MaxCascades:10]]
[2019.05.26-11.53.03:148][  0]LogConfig: Setting CVar [[r.Shadow.MaxResolution:2048]]
[2019.05.26-11.53.03:148][  0]LogConfig: Setting CVar [[r.Shadow.MaxCSMResolution:2048]]
[2019.05.26-11.53.03:148][  0]LogConfig: Setting CVar [[r.Shadow.RadiusThreshold:0.01]]
[2019.05.26-11.53.03:148][  0]LogConfig: Setting CVar [[r.Shadow.DistanceScale:1.0]]
[2019.05.26-11.53.03:148][  0]LogConfig: Setting CVar [[r.Shadow.CSM.TransitionScale:1.0]]
[2019.05.26-11.53.03:148][  0]LogConfig: Setting CVar [[r.Shadow.PreShadowResolutionFactor:1.0]]
[2019.05.26-11.53.03:148][  0]LogConfig: Setting CVar [[r.DistanceFieldShadowing:1]]
[2019.05.26-11.53.03:148][  0]LogConfig: Setting CVar [[r.DistanceFieldAO:1]]
[2019.05.26-11.53.03:148][  0]LogConfig: Setting CVar [[r.AOQuality:2]]
[2019.05.26-11.53.03:148][  0]LogConfig: Setting CVar [[r.VolumetricFog:1]]
[2019.05.26-11.53.03:148][  0]LogConfig: Setting CVar [[r.VolumetricFog.GridPixelSize:8]]
[2019.05.26-11.53.03:148][  0]LogConfig: Setting CVar [[r.VolumetricFog.GridSizeZ:128]]
[2019.05.26-11.53.03:148][  0]LogConfig: Setting CVar [[r.VolumetricFog.HistoryMissSupersampleCount:4]]
[2019.05.26-11.53.03:148][  0]LogConfig: Setting CVar [[r.LightMaxDrawDistanceScale:1]]
[2019.05.26-11.53.03:148][  0]LogConfig: Setting CVar [[r.CapsuleShadows:1]]
[2019.05.26-11.53.03:148][  0]LogConfig: Applying CVar settings from Section [PostProcessQuality@3] File [E:/ACEDAMIC/3rd Year/SCS 3113 - Game development/InfiniteMatrixStarter/Saved/Config/Windows/Scalability.ini]
[2019.05.26-11.53.03:148][  0]LogConfig: Setting CVar [[r.MotionBlurQuality:4]]
[2019.05.26-11.53.03:148][  0]LogConfig: Setting CVar [[r.AmbientOcclusionMipLevelFactor:0.4]]
[2019.05.26-11.53.03:148][  0]LogConfig: Setting CVar [[r.AmbientOcclusionMaxQuality:100]]
[2019.05.26-11.53.03:148][  0]LogConfig: Setting CVar [[r.AmbientOcclusionLevels:-1]]
[2019.05.26-11.53.03:148][  0]LogConfig: Setting CVar [[r.AmbientOcclusionRadiusScale:1.0]]
[2019.05.26-11.53.03:148][  0]LogConfig: Setting CVar [[r.DepthOfFieldQuality:2]]
[2019.05.26-11.53.03:148][  0]LogConfig: Setting CVar [[r.RenderTargetPoolMin:400]]
[2019.05.26-11.53.03:148][  0]LogConfig: Setting CVar [[r.LensFlareQuality:2]]
[2019.05.26-11.53.03:149][  0]LogConfig: Setting CVar [[r.SceneColorFringeQuality:1]]
[2019.05.26-11.53.03:149][  0]LogConfig: Setting CVar [[r.EyeAdaptationQuality:2]]
[2019.05.26-11.53.03:149][  0]LogConfig: Setting CVar [[r.BloomQuality:5]]
[2019.05.26-11.53.03:149][  0]LogConfig: Setting CVar [[r.FastBlurThreshold:100]]
[2019.05.26-11.53.03:149][  0]LogConfig: Setting CVar [[r.Upscale.Quality:3]]
[2019.05.26-11.53.03:149][  0]LogConfig: Setting CVar [[r.Tonemapper.GrainQuantization:1]]
[2019.05.26-11.53.03:149][  0]LogConfig: Setting CVar [[r.LightShaftQuality:1]]
[2019.05.26-11.53.03:149][  0]LogConfig: Setting CVar [[r.Filter.SizeScale:1]]
[2019.05.26-11.53.03:149][  0]LogConfig: Setting CVar [[r.Tonemapper.Quality:5]]
[2019.05.26-11.53.03:149][  0]LogConfig: Setting CVar [[r.DOF.Gather.AccumulatorQuality:1        ; higher gathering accumulator quality]]
[2019.05.26-11.53.03:149][  0]LogConfig: Setting CVar [[r.DOF.Gather.PostfilterMethod:1          ; Median3x3 postfilering method]]
[2019.05.26-11.53.03:149][  0]LogConfig: Setting CVar [[r.DOF.Gather.EnableBokehSettings:0       ; no bokeh simulation when gathering]]
[2019.05.26-11.53.03:149][  0]LogConfig: Setting CVar [[r.DOF.Gather.RingCount:4                 ; medium number of samples when gathering]]
[2019.05.26-11.53.03:149][  0]LogConfig: Setting CVar [[r.DOF.Scatter.ForegroundCompositing:1    ; additive foreground scattering]]
[2019.05.26-11.53.03:149][  0]LogConfig: Setting CVar [[r.DOF.Scatter.BackgroundCompositing:2    ; additive background scattering]]
[2019.05.26-11.53.03:149][  0]LogConfig: Setting CVar [[r.DOF.Scatter.EnableBokehSettings:1      ; bokeh simulation when scattering]]
[2019.05.26-11.53.03:149][  0]LogConfig: Setting CVar [[r.DOF.Scatter.MaxSpriteRatio:0.1         ; only a maximum of 10% of scattered bokeh]]
[2019.05.26-11.53.03:149][  0]LogConfig: Setting CVar [[r.DOF.Recombine.Quality:1                ; cheap slight out of focus]]
[2019.05.26-11.53.03:149][  0]LogConfig: Setting CVar [[r.DOF.Recombine.EnableBokehSettings:0    ; no bokeh simulation on slight out of focus]]
[2019.05.26-11.53.03:149][  0]LogConfig: Setting CVar [[r.DOF.TemporalAAQuality:1                ; more stable temporal accumulation]]
[2019.05.26-11.53.03:149][  0]LogConfig: Setting CVar [[r.DOF.Kernel.MaxForegroundRadius:0.025]]
[2019.05.26-11.53.03:149][  0]LogConfig: Setting CVar [[r.DOF.Kernel.MaxBackgroundRadius:0.025]]
[2019.05.26-11.53.03:149][  0]LogConfig: Applying CVar settings from Section [TextureQuality@3] File [E:/ACEDAMIC/3rd Year/SCS 3113 - Game development/InfiniteMatrixStarter/Saved/Config/Windows/Scalability.ini]
[2019.05.26-11.53.03:149][  0]LogConfig: Setting CVar [[r.Streaming.MipBias:0]]
[2019.05.26-11.53.03:149][  0]LogConfig: Setting CVar [[r.Streaming.AmortizeCPUToGPUCopy:0]]
[2019.05.26-11.53.03:149][  0]LogConfig: Setting CVar [[r.Streaming.MaxNumTexturesToStreamPerFrame:0]]
[2019.05.26-11.53.03:149][  0]LogConfig: Setting CVar [[r.Streaming.Boost:1]]
[2019.05.26-11.53.03:149][  0]LogConfig: Setting CVar [[r.MaxAnisotropy:8]]
[2019.05.26-11.53.03:149][  0]LogConfig: Setting CVar [[r.Streaming.LimitPoolSizeToVRAM:0]]
[2019.05.26-11.53.03:149][  0]LogConfig: Setting CVar [[r.Streaming.PoolSize:1000]]
[2019.05.26-11.53.03:149][  0]LogConfig: Setting CVar [[r.Streaming.MaxEffectiveScreenSize:0]]
[2019.05.26-11.53.03:150][  0]LogConfig: Applying CVar settings from Section [EffectsQuality@3] File [E:/ACEDAMIC/3rd Year/SCS 3113 - Game development/InfiniteMatrixStarter/Saved/Config/Windows/Scalability.ini]
[2019.05.26-11.53.03:150][  0]LogConfig: Setting CVar [[r.TranslucencyLightingVolumeDim:64]]
[2019.05.26-11.53.03:150][  0]LogConfig: Setting CVar [[r.RefractionQuality:2]]
[2019.05.26-11.53.03:150][  0]LogConfig: Setting CVar [[r.SSR.Quality:3]]
[2019.05.26-11.53.03:150][  0]LogConfig: Setting CVar [[r.SceneColorFormat:4]]
[2019.05.26-11.53.03:150][  0]LogConfig: Setting CVar [[r.DetailMode:2]]
[2019.05.26-11.53.03:150][  0]LogConfig: Setting CVar [[r.TranslucencyVolumeBlur:1]]
[2019.05.26-11.53.03:150][  0]LogConfig: Setting CVar [[r.MaterialQualityLevel:1 ; High quality]]
[2019.05.26-11.53.03:150][  0]LogConfig: Setting CVar [[r.SSS.Scale:1]]
[2019.05.26-11.53.03:150][  0]LogConfig: Setting CVar [[r.SSS.SampleSet:2]]
[2019.05.26-11.53.03:150][  0]LogConfig: Setting CVar [[r.SSS.Quality:1]]
[2019.05.26-11.53.03:150][  0]LogConfig: Setting CVar [[r.SSS.HalfRes:1]]
[2019.05.26-11.53.03:150][  0]LogConfig: Setting CVar [[r.EmitterSpawnRateScale:1.0]]
[2019.05.26-11.53.03:150][  0]LogConfig: Setting CVar [[r.ParticleLightQuality:2]]
[2019.05.26-11.53.03:150][  0]LogConfig: Applying CVar settings from Section [FoliageQuality@3] File [E:/ACEDAMIC/3rd Year/SCS 3113 - Game development/InfiniteMatrixStarter/Saved/Config/Windows/Scalability.ini]
[2019.05.26-11.53.03:150][  0]LogConfig: Setting CVar [[foliage.DensityScale:1.0]]
[2019.05.26-11.53.03:150][  0]LogConfig: Setting CVar [[grass.DensityScale:1.0]]
[2019.05.26-11.53.03:174][  0]LogInit: Selected Device Profile: [Windows]
[2019.05.26-11.53.03:174][  0]LogInit: Applying CVar settings loaded from the selected device profile: [Windows]
[2019.05.26-11.53.03:279][  0]LogHAL: Display: Platform has ~ 8 GB [8450043904 / 8589934592 / 8], which maps to Default [LargestMinGB=32, LargerMinGB=12, DefaultMinGB=8, SmallerMinGB=6, SmallestMinGB=0)
[2019.05.26-11.53.03:279][  0]LogConfig: Setting CVar [[r.Vulkan.UseRealUBs:0		; Required until we fix HLR fall-out]]
[2019.05.26-11.53.03:279][  0]LogInit: Going up to parent DeviceProfile []
[2019.05.26-11.53.03:279][  0]LogConfig: Applying CVar settings from Section [ViewDistanceQuality@3] File [E:/ACEDAMIC/3rd Year/SCS 3113 - Game development/InfiniteMatrixStarter/Saved/Config/Windows/Scalability.ini]
[2019.05.26-11.53.03:279][  0]LogConfig: Setting CVar [[r.SkeletalMeshLODBias:0]]
[2019.05.26-11.53.03:279][  0]LogConfig: Setting CVar [[r.ViewDistanceScale:1.0]]
[2019.05.26-11.53.03:279][  0]LogConfig: Applying CVar settings from Section [AntiAliasingQuality@3] File [E:/ACEDAMIC/3rd Year/SCS 3113 - Game development/InfiniteMatrixStarter/Saved/Config/Windows/Scalability.ini]
[2019.05.26-11.53.03:279][  0]LogConfig: Setting CVar [[r.PostProcessAAQuality:4]]
[2019.05.26-11.53.03:279][  0]LogConfig: Applying CVar settings from Section [ShadowQuality@3] File [E:/ACEDAMIC/3rd Year/SCS 3113 - Game development/InfiniteMatrixStarter/Saved/Config/Windows/Scalability.ini]
[2019.05.26-11.53.03:280][  0]LogConfig: Setting CVar [[r.LightFunctionQuality:1]]
[2019.05.26-11.53.03:280][  0]LogConfig: Setting CVar [[r.ShadowQuality:5]]
[2019.05.26-11.53.03:280][  0]LogConfig: Setting CVar [[r.Shadow.CSM.MaxCascades:10]]
[2019.05.26-11.53.03:280][  0]LogConfig: Setting CVar [[r.Shadow.MaxResolution:2048]]
[2019.05.26-11.53.03:280][  0]LogConfig: Setting CVar [[r.Shadow.MaxCSMResolution:2048]]
[2019.05.26-11.53.03:280][  0]LogConfig: Setting CVar [[r.Shadow.RadiusThreshold:0.01]]
[2019.05.26-11.53.03:280][  0]LogConfig: Setting CVar [[r.Shadow.DistanceScale:1.0]]
[2019.05.26-11.53.03:280][  0]LogConfig: Setting CVar [[r.Shadow.CSM.TransitionScale:1.0]]
[2019.05.26-11.53.03:280][  0]LogConfig: Setting CVar [[r.Shadow.PreShadowResolutionFactor:1.0]]
[2019.05.26-11.53.03:280][  0]LogConfig: Setting CVar [[r.DistanceFieldShadowing:1]]
[2019.05.26-11.53.03:280][  0]LogConfig: Setting CVar [[r.DistanceFieldAO:1]]
[2019.05.26-11.53.03:280][  0]LogConfig: Setting CVar [[r.AOQuality:2]]
[2019.05.26-11.53.03:280][  0]LogConfig: Setting CVar [[r.VolumetricFog:1]]
[2019.05.26-11.53.03:280][  0]LogConfig: Setting CVar [[r.VolumetricFog.GridPixelSize:8]]
[2019.05.26-11.53.03:280][  0]LogConfig: Setting CVar [[r.VolumetricFog.GridSizeZ:128]]
[2019.05.26-11.53.03:280][  0]LogConfig: Setting CVar [[r.VolumetricFog.HistoryMissSupersampleCount:4]]
[2019.05.26-11.53.03:280][  0]LogConfig: Setting CVar [[r.LightMaxDrawDistanceScale:1]]
[2019.05.26-11.53.03:280][  0]LogConfig: Setting CVar [[r.CapsuleShadows:1]]
[2019.05.26-11.53.03:280][  0]LogConfig: Applying CVar settings from Section [PostProcessQuality@3] File [E:/ACEDAMIC/3rd Year/SCS 3113 - Game development/InfiniteMatrixStarter/Saved/Config/Windows/Scalability.ini]
[2019.05.26-11.53.03:280][  0]LogConfig: Setting CVar [[r.MotionBlurQuality:4]]
[2019.05.26-11.53.03:280][  0]LogConfig: Setting CVar [[r.AmbientOcclusionMipLevelFactor:0.4]]
[2019.05.26-11.53.03:280][  0]LogConfig: Setting CVar [[r.AmbientOcclusionMaxQuality:100]]
[2019.05.26-11.53.03:280][  0]LogConfig: Setting CVar [[r.AmbientOcclusionLevels:-1]]
[2019.05.26-11.53.03:280][  0]LogConfig: Setting CVar [[r.AmbientOcclusionRadiusScale:1.0]]
[2019.05.26-11.53.03:280][  0]LogConfig: Setting CVar [[r.DepthOfFieldQuality:2]]
[2019.05.26-11.53.03:280][  0]LogConfig: Setting CVar [[r.RenderTargetPoolMin:400]]
[2019.05.26-11.53.03:280][  0]LogConfig: Setting CVar [[r.LensFlareQuality:2]]
[2019.05.26-11.53.03:280][  0]LogConfig: Setting CVar [[r.SceneColorFringeQuality:1]]
[2019.05.26-11.53.03:280][  0]LogConfig: Setting CVar [[r.EyeAdaptationQuality:2]]
[2019.05.26-11.53.03:280][  0]LogConfig: Setting CVar [[r.BloomQuality:5]]
[2019.05.26-11.53.03:280][  0]LogConfig: Setting CVar [[r.FastBlurThreshold:100]]
[2019.05.26-11.53.03:281][  0]LogConfig: Setting CVar [[r.Upscale.Quality:3]]
[2019.05.26-11.53.03:281][  0]LogConfig: Setting CVar [[r.Tonemapper.GrainQuantization:1]]
[2019.05.26-11.53.03:281][  0]LogConfig: Setting CVar [[r.LightShaftQuality:1]]
[2019.05.26-11.53.03:281][  0]LogConfig: Setting CVar [[r.Filter.SizeScale:1]]
[2019.05.26-11.53.03:281][  0]LogConfig: Setting CVar [[r.Tonemapper.Quality:5]]
[2019.05.26-11.53.03:281][  0]LogConfig: Setting CVar [[r.DOF.Gather.AccumulatorQuality:1        ; higher gathering accumulator quality]]
[2019.05.26-11.53.03:281][  0]LogConfig: Setting CVar [[r.DOF.Gather.PostfilterMethod:1          ; Median3x3 postfilering method]]
[2019.05.26-11.53.03:281][  0]LogConfig: Setting CVar [[r.DOF.Gather.EnableBokehSettings:0       ; no bokeh simulation when gathering]]
[2019.05.26-11.53.03:281][  0]LogConfig: Setting CVar [[r.DOF.Gather.RingCount:4                 ; medium number of samples when gathering]]
[2019.05.26-11.53.03:281][  0]LogConfig: Setting CVar [[r.DOF.Scatter.ForegroundCompositing:1    ; additive foreground scattering]]
[2019.05.26-11.53.03:281][  0]LogConfig: Setting CVar [[r.DOF.Scatter.BackgroundCompositing:2    ; additive background scattering]]
[2019.05.26-11.53.03:281][  0]LogConfig: Setting CVar [[r.DOF.Scatter.EnableBokehSettings:1      ; bokeh simulation when scattering]]
[2019.05.26-11.53.03:281][  0]LogConfig: Setting CVar [[r.DOF.Scatter.MaxSpriteRatio:0.1         ; only a maximum of 10% of scattered bokeh]]
[2019.05.26-11.53.03:281][  0]LogConfig: Setting CVar [[r.DOF.Recombine.Quality:1                ; cheap slight out of focus]]
[2019.05.26-11.53.03:281][  0]LogConfig: Setting CVar [[r.DOF.Recombine.EnableBokehSettings:0    ; no bokeh simulation on slight out of focus]]
[2019.05.26-11.53.03:281][  0]LogConfig: Setting CVar [[r.DOF.TemporalAAQuality:1                ; more stable temporal accumulation]]
[2019.05.26-11.53.03:281][  0]LogConfig: Setting CVar [[r.DOF.Kernel.MaxForegroundRadius:0.025]]
[2019.05.26-11.53.03:281][  0]LogConfig: Setting CVar [[r.DOF.Kernel.MaxBackgroundRadius:0.025]]
[2019.05.26-11.53.03:281][  0]LogConfig: Applying CVar settings from Section [TextureQuality@3] File [E:/ACEDAMIC/3rd Year/SCS 3113 - Game development/InfiniteMatrixStarter/Saved/Config/Windows/Scalability.ini]
[2019.05.26-11.53.03:281][  0]LogConfig: Setting CVar [[r.Streaming.MipBias:0]]
[2019.05.26-11.53.03:281][  0]LogConfig: Setting CVar [[r.Streaming.AmortizeCPUToGPUCopy:0]]
[2019.05.26-11.53.03:281][  0]LogConfig: Setting CVar [[r.Streaming.MaxNumTexturesToStreamPerFrame:0]]
[2019.05.26-11.53.03:281][  0]LogConfig: Setting CVar [[r.Streaming.Boost:1]]
[2019.05.26-11.53.03:281][  0]LogConfig: Setting CVar [[r.MaxAnisotropy:8]]
[2019.05.26-11.53.03:281][  0]LogConfig: Setting CVar [[r.Streaming.LimitPoolSizeToVRAM:0]]
[2019.05.26-11.53.03:281][  0]LogConfig: Setting CVar [[r.Streaming.PoolSize:1000]]
[2019.05.26-11.53.03:281][  0]LogConfig: Setting CVar [[r.Streaming.MaxEffectiveScreenSize:0]]
[2019.05.26-11.53.03:281][  0]LogConfig: Applying CVar settings from Section [EffectsQuality@3] File [E:/ACEDAMIC/3rd Year/SCS 3113 - Game development/InfiniteMatrixStarter/Saved/Config/Windows/Scalability.ini]
[2019.05.26-11.53.03:281][  0]LogConfig: Setting CVar [[r.TranslucencyLightingVolumeDim:64]]
[2019.05.26-11.53.03:281][  0]LogConfig: Setting CVar [[r.RefractionQuality:2]]
[2019.05.26-11.53.03:281][  0]LogConfig: Setting CVar [[r.SSR.Quality:3]]
[2019.05.26-11.53.03:281][  0]LogConfig: Setting CVar [[r.SceneColorFormat:4]]
[2019.05.26-11.53.03:281][  0]LogConfig: Setting CVar [[r.DetailMode:2]]
[2019.05.26-11.53.03:281][  0]LogConfig: Setting CVar [[r.TranslucencyVolumeBlur:1]]
[2019.05.26-11.53.03:282][  0]LogConfig: Setting CVar [[r.MaterialQualityLevel:1 ; High quality]]
[2019.05.26-11.53.03:282][  0]LogConfig: Setting CVar [[r.SSS.Scale:1]]
[2019.05.26-11.53.03:282][  0]LogConfig: Setting CVar [[r.SSS.SampleSet:2]]
[2019.05.26-11.53.03:282][  0]LogConfig: Setting CVar [[r.SSS.Quality:1]]
[2019.05.26-11.53.03:282][  0]LogConfig: Setting CVar [[r.SSS.HalfRes:1]]
[2019.05.26-11.53.03:282][  0]LogConfig: Setting CVar [[r.EmitterSpawnRateScale:1.0]]
[2019.05.26-11.53.03:282][  0]LogConfig: Setting CVar [[r.ParticleLightQuality:2]]
[2019.05.26-11.53.03:282][  0]LogConfig: Applying CVar settings from Section [FoliageQuality@3] File [E:/ACEDAMIC/3rd Year/SCS 3113 - Game development/InfiniteMatrixStarter/Saved/Config/Windows/Scalability.ini]
[2019.05.26-11.53.03:282][  0]LogConfig: Setting CVar [[foliage.DensityScale:1.0]]
[2019.05.26-11.53.03:282][  0]LogConfig: Setting CVar [[grass.DensityScale:1.0]]
[2019.05.26-11.53.03:282][  0]LogConfig: Applying CVar settings from Section [Startup] File [../../../Engine/Config/ConsoleVariables.ini]
[2019.05.26-11.53.03:360][  0]LogConfig: Setting CVar [[net.UseAdaptiveNetUpdateFrequency:0]]
[2019.05.26-11.53.03:360][  0]LogConfig: Setting CVar [[p.chaos.AllowCreatePhysxBodies:1]]
[2019.05.26-11.53.03:360][  0]LogConfig: Applying CVar settings from Section [ConsoleVariables] File [E:/ACEDAMIC/3rd Year/SCS 3113 - Game development/InfiniteMatrixStarter/Saved/Config/Windows/Engine.ini]
[2019.05.26-11.53.03:471][  0]LogInit: Computer: LAPTOP-GOLB6O3O
[2019.05.26-11.53.03:471][  0]LogInit: User: Acer
[2019.05.26-11.53.03:471][  0]LogInit: CPU Page size=4096, Cores=2
[2019.05.26-11.53.03:471][  0]LogInit: High frequency timer resolution =10.000000 MHz
[2019.05.26-11.53.03:496][  0]LogMemory: Memory total: Physical=7.9GB (8GB approx)
[2019.05.26-11.53.03:496][  0]LogMemory: Platform Memory Stats for Windows
[2019.05.26-11.53.03:496][  0]LogMemory: Process Physical Memory: 96.07 MB used, 96.08 MB peak
[2019.05.26-11.53.03:496][  0]LogMemory: Process Virtual Memory: 83.66 MB used, 83.66 MB peak
[2019.05.26-11.53.03:496][  0]LogMemory: Physical Memory: 3780.27 MB used,  4278.32 MB free, 8058.59 MB total
[2019.05.26-11.53.03:496][  0]LogMemory: Virtual Memory: 4635.12 MB used,  134213096.00 MB free, 134217728.00 MB total
[2019.05.26-11.53.07:695][  0]LogInit: Using OS detected language (en-US).
[2019.05.26-11.53.07:695][  0]LogInit: Using OS detected locale (en-US).
[2019.05.26-11.53.07:877][  0]LogTextLocalizationManager: No specific localization for 'en-US' exists, so the 'en' localization will be used.
[2019.05.26-11.53.12:191][  0]LogInit: Setting process to per monitor DPI aware
[2019.05.26-11.53.13:960][  0]LogSlate: New Slate User Created.  User Index 0, Is Virtual User: 0
[2019.05.26-11.53.13:960][  0]LogSlate: Slate User Registered.  User Index 0, Is Virtual User: 0
[2019.05.26-11.53.32:470][  0]LogHMD: Failed to initialize OpenVR with code 110
[2019.05.26-11.53.32:470][  0]LogD3D11RHI: D3D11 adapters:
[2019.05.26-11.53.32:807][  0]LogD3D11RHI:    0. 'NVIDIA GeForce 920M' (Feature Level 11_0)
[2019.05.26-11.53.32:807][  0]LogD3D11RHI:       2020/0/4029 MB DedicatedVideo/DedicatedSystem/SharedSystem, Outputs:1, VendorId:0x10de
[2019.05.26-11.53.32:858][  0]LogD3D11RHI:    1. 'Intel(R) HD Graphics 520' (Feature Level 11_0)
[2019.05.26-11.53.32:858][  0]LogD3D11RHI:       128/0/4029 MB DedicatedVideo/DedicatedSystem/SharedSystem, Outputs:0, VendorId:0x8086
[2019.05.26-11.53.32:863][  0]LogD3D11RHI:    2. 'Microsoft Basic Render Driver' (Feature Level 11_0)
[2019.05.26-11.53.32:863][  0]LogD3D11RHI:       0/0/4029 MB DedicatedVideo/DedicatedSystem/SharedSystem, Outputs:0, VendorId:0x1414
[2019.05.26-11.53.32:863][  0]LogD3D11RHI: Chosen D3D11 Adapter: 0
[2019.05.26-11.53.33:019][  0]LogD3D11RHI: Creating new Direct3DDevice
[2019.05.26-11.53.33:019][  0]LogD3D11RHI:     GPU DeviceId: 0x1299 (for the marketing name, search the web for "GPU Device Id")
[2019.05.26-11.53.33:040][  0]LogWindows: EnumDisplayDevices:
[2019.05.26-11.53.33:040][  0]LogWindows:    0. 'Intel(R) HD Graphics 520' (P:1 D:1)
[2019.05.26-11.53.33:041][  0]LogWindows:    1. 'Intel(R) HD Graphics 520' (P:0 D:0)
[2019.05.26-11.53.33:042][  0]LogWindows:    2. 'Intel(R) HD Graphics 520' (P:0 D:0)
[2019.05.26-11.53.33:042][  0]LogWindows: DebugString: PrimaryIsNotTheChoosenAdapter PrimaryIsNotTheChoosenAdapter PrimaryIsNotTheChoosenAdapter FoundDriverCount:0 
[2019.05.26-11.53.33:042][  0]LogD3D11RHI:     Adapter Name: NVIDIA GeForce 920M
[2019.05.26-11.53.33:042][  0]LogD3D11RHI:   Driver Version: Unknown (internal:Unknown, unified:Unknown)
[2019.05.26-11.53.33:042][  0]LogD3D11RHI:      Driver Date: Unknown
[2019.05.26-11.53.33:042][  0]LogRHI: Texture pool is 1414 MB (70% of 2020 MB)
[2019.05.26-11.53.33:206][  0]LogD3D11RHI: Async texture creation enabled
[2019.05.26-11.53.33:472][  0]LogRendererCore: FGlobalReadBuffer::InitRHI
[2019.05.26-11.53.33:491][  0]LogRendererCore: FGlobalReadBuffer::InitRHI
[2019.05.26-11.53.33:491][  0]LogRendererCore: FGlobalReadBuffer::InitRHI
[2019.05.26-11.53.33:578][  0]LogD3D11RHI: GPU Timing Frequency: 1000.000000 (Debug: 2 4)
[2019.05.26-11.53.35:315][  0]LogTemp: Display: Module 'AllDesktopTargetPlatform' loaded TargetPlatform 'AllDesktop'
[2019.05.26-11.53.35:351][  0]LogTemp: Display: Module 'MacClientTargetPlatform' loaded TargetPlatform 'MacClient'
[2019.05.26-11.53.35:718][  0]LogTemp: Display: Module 'MacNoEditorTargetPlatform' loaded TargetPlatform 'MacNoEditor'
[2019.05.26-11.53.35:776][  0]LogTemp: Display: Module 'MacServerTargetPlatform' loaded TargetPlatform 'MacServer'
[2019.05.26-11.53.35:873][  0]LogTemp: Display: Module 'MacTargetPlatform' loaded TargetPlatform 'Mac'
[2019.05.26-11.53.35:954][  0]LogTemp: Display: Module 'WindowsClientTargetPlatform' loaded TargetPlatform 'WindowsClient'
[2019.05.26-11.53.36:011][  0]LogTemp: Display: Module 'WindowsNoEditorTargetPlatform' loaded TargetPlatform 'WindowsNoEditor'
[2019.05.26-11.53.36:063][  0]LogTemp: Display: Module 'WindowsServerTargetPlatform' loaded TargetPlatform 'WindowsServer'
[2019.05.26-11.53.36:087][  0]LogTemp: Display: Module 'WindowsTargetPlatform' loaded TargetPlatform 'Windows'
[2019.05.26-11.53.36:359][  0]LogTemp: Display: Module 'AndroidTargetPlatform' loaded TargetPlatform 'Android'
[2019.05.26-11.53.36:359][  0]LogTemp: Display: Module 'AndroidTargetPlatform' loaded TargetPlatform 'Android_ASTC'
[2019.05.26-11.53.36:359][  0]LogTemp: Display: Module 'AndroidTargetPlatform' loaded TargetPlatform 'Android_ATC'
[2019.05.26-11.53.36:359][  0]LogTemp: Display: Module 'AndroidTargetPlatform' loaded TargetPlatform 'Android_DXT'
[2019.05.26-11.53.36:359][  0]LogTemp: Display: Module 'AndroidTargetPlatform' loaded TargetPlatform 'Android_ETC1'
[2019.05.26-11.53.36:359][  0]LogTemp: Display: Module 'AndroidTargetPlatform' loaded TargetPlatform 'Android_ETC1a'
[2019.05.26-11.53.36:359][  0]LogTemp: Display: Module 'AndroidTargetPlatform' loaded TargetPlatform 'Android_ETC2'
[2019.05.26-11.53.36:359][  0]LogTemp: Display: Module 'AndroidTargetPlatform' loaded TargetPlatform 'Android_PVRTC'
[2019.05.26-11.53.36:359][  0]LogTemp: Display: Module 'AndroidTargetPlatform' loaded TargetPlatform 'AndroidClient'
[2019.05.26-11.53.36:359][  0]LogTemp: Display: Module 'AndroidTargetPlatform' loaded TargetPlatform 'Android_ASTCClient'
[2019.05.26-11.53.36:359][  0]LogTemp: Display: Module 'AndroidTargetPlatform' loaded TargetPlatform 'Android_ATCClient'
[2019.05.26-11.53.36:359][  0]LogTemp: Display: Module 'AndroidTargetPlatform' loaded TargetPlatform 'Android_DXTClient'
[2019.05.26-11.53.36:359][  0]LogTemp: Display: Module 'AndroidTargetPlatform' loaded TargetPlatform 'Android_ETC1Client'
[2019.05.26-11.53.36:359][  0]LogTemp: Display: Module 'AndroidTargetPlatform' loaded TargetPlatform 'Android_ETC1aClient'
[2019.05.26-11.53.36:359][  0]LogTemp: Display: Module 'AndroidTargetPlatform' loaded TargetPlatform 'Android_ETC2Client'
[2019.05.26-11.53.36:359][  0]LogTemp: Display: Module 'AndroidTargetPlatform' loaded TargetPlatform 'Android_PVRTCClient'
[2019.05.26-11.53.36:359][  0]LogTemp: Display: Module 'AndroidTargetPlatform' loaded TargetPlatform 'Android_Multi'
[2019.05.26-11.53.36:359][  0]LogTemp: Display: Module 'AndroidTargetPlatform' loaded TargetPlatform 'Android_MultiClient'
[2019.05.26-11.53.36:394][  0]LogTemp: Display: Module 'HTML5TargetPlatform' loaded TargetPlatform 'HTML5'
[2019.05.26-11.53.36:606][  0]LogTemp: Display: Module 'IOSTargetPlatform' loaded TargetPlatform 'IOSClient'
[2019.05.26-11.53.36:606][  0]LogTemp: Display: Module 'IOSTargetPlatform' loaded TargetPlatform 'IOS'
[2019.05.26-11.53.36:670][  0]LogTemp: Display: Module 'TVOSTargetPlatform' loaded TargetPlatform 'TVOSClient'
[2019.05.26-11.53.36:671][  0]LogTemp: Display: Module 'TVOSTargetPlatform' loaded TargetPlatform 'TVOS'
[2019.05.26-11.53.36:935][  0]LogTemp: Display: Module 'LinuxClientTargetPlatform' loaded TargetPlatform 'LinuxClient'
[2019.05.26-11.53.36:983][  0]LogTemp: Display: Module 'LinuxNoEditorTargetPlatform' loaded TargetPlatform 'LinuxNoEditor'
[2019.05.26-11.53.37:023][  0]LogTemp: Display: Module 'LinuxServerTargetPlatform' loaded TargetPlatform 'LinuxServer'
[2019.05.26-11.53.37:235][  0]LogTemp: Display: Module 'LinuxTargetPlatform' loaded TargetPlatform 'Linux'
[2019.05.26-11.53.37:348][  0]LogTemp: Display: Module 'LuminTargetPlatform' loaded TargetPlatform 'Lumin'
[2019.05.26-11.53.37:348][  0]LogTemp: Display: Module 'LuminTargetPlatform' loaded TargetPlatform 'LuminClient'
[2019.05.26-11.53.37:348][  0]LogTargetPlatformManager: Display: Building Assets For Windows
[2019.05.26-11.53.37:796][  0]LogAudioDebug: Display: Lib vorbis DLL was dynamically loaded.
[2019.05.26-11.53.39:067][  0]LogShaderCompilers: Guid format shader working directory is -26 characters bigger than the processId version (E:/ACEDAMIC/3rd Year/SCS 3113 - Game development/InfiniteMatrixStarter/Intermediate/Shaders/WorkingDirectory/13604/).
[2019.05.26-11.53.39:067][  0]LogShaderCompilers: Cleaned the shader compiler working directory 'C:/Users/Acer/AppData/Local/Temp/UnrealShaderWorkingDir/7C62D712430DDC01753474BF9B1003DA/'.
[2019.05.26-11.53.39:098][  0]LogXGEController: Cleaning working directory: C:/Users/Acer/AppData/Local/Temp/UnrealXGEWorkingDir/
[2019.05.26-11.53.39:099][  0]LogXGEController: Cannot use XGE Controller as Incredibuild is not installed on this machine.
[2019.05.26-11.53.39:100][  0]LogShaderCompilers: Cannot use XGE Shader Compiler as Incredibuild is not installed on this machine.
[2019.05.26-11.53.39:100][  0]LogShaderCompilers: Display: Using Local Shader Compiler.
[2019.05.26-11.53.50:117][  0]LogDerivedDataCache: Display: Max Cache Size: 512 MB
[2019.05.26-11.53.51:089][  0]LogDerivedDataCache: Loaded boot cache 0.95s 71MB C:/Users/Acer/AppData/Local/UnrealEngine/4.22/DerivedDataCache/Boot.ddc.
[2019.05.26-11.53.51:089][  0]LogDerivedDataCache: Display: Loaded Boot cache: C:/Users/Acer/AppData/Local/UnrealEngine/4.22/DerivedDataCache/Boot.ddc
[2019.05.26-11.53.51:089][  0]LogDerivedDataCache: FDerivedDataBackendGraph:  Pak pak cache file E:/ACEDAMIC/3rd Year/SCS 3113 - Game development/InfiniteMatrixStarter/DerivedDataCache/DDC.ddp not found, will not use a pak cache.
[2019.05.26-11.53.51:089][  0]LogDerivedDataCache: Unable to find inner node Pak for hierarchical cache Hierarchy.
[2019.05.26-11.53.51:089][  0]LogDerivedDataCache: FDerivedDataBackendGraph:  CompressedPak pak cache file E:/ACEDAMIC/3rd Year/SCS 3113 - Game development/InfiniteMatrixStarter/DerivedDataCache/Compressed.ddp not found, will not use a pak cache.
[2019.05.26-11.53.51:089][  0]LogDerivedDataCache: Unable to find inner node CompressedPak for hierarchical cache Hierarchy.
[2019.05.26-11.53.51:189][  0]LogDerivedDataCache: Display: Pak cache opened for reading ../../../Engine/DerivedDataCache/Compressed.ddp.
[2019.05.26-11.53.51:190][  0]LogDerivedDataCache: FDerivedDataBackendGraph:  EnterprisePak pak cache file ../../../Enterprise/DerivedDataCache/Compressed.ddp not found, will not use a pak cache.
[2019.05.26-11.53.51:190][  0]LogDerivedDataCache: Unable to find inner node EnterprisePak for hierarchical cache Hierarchy.
[2019.05.26-11.53.51:220][  0]LogDerivedDataCache: Using Local data cache path C:/Users/Acer/AppData/Local/UnrealEngine/Common/DerivedDataCache: Writable
[2019.05.26-11.53.51:220][  0]LogDerivedDataCache: Shared data cache path not found in *engine.ini, will not use an Shared cache.
[2019.05.26-11.53.51:220][  0]LogDerivedDataCache: Unable to find inner node Shared for hierarchical cache Hierarchy.
[2019.05.26-11.53.51:299][  0]LogMaterial: Verifying Global Shaders for PCD3D_SM5
[2019.05.26-11.53.51:609][  0]LogSlate: Using FreeType 2.6.0
[2019.05.26-11.53.51:687][  0]LogSlate: SlateFontServices - WITH_FREETYPE: 1, WITH_HARFBUZZ: 1
[2019.05.26-11.53.56:849][  0]LogAssetRegistry: FAssetRegistry took 0.0419 seconds to start up
[2019.05.26-11.54.02:350][  0]LogInit: Selected Device Profile: [Windows]
[2019.05.26-11.54.04:454][  0]LogMeshReduction: Using QuadricMeshReduction for automatic static mesh reduction
[2019.05.26-11.54.04:454][  0]LogMeshReduction: Using SimplygonMeshReduction for automatic skeletal mesh reduction
[2019.05.26-11.54.04:454][  0]LogMeshReduction: Using ProxyLODMeshReduction for automatic mesh merging
[2019.05.26-11.54.04:454][  0]LogMeshReduction: No distributed automatic mesh merging module available
[2019.05.26-11.54.04:474][  0]LogMeshMerging: No distributed automatic mesh merging module available
[2019.05.26-11.54.04:843][  0]LogNetVersion: InfiniteMatrix 1.0.0, NetCL: 5660361, EngineNetVer: 10, GameNetVer: 0 (Checksum: 1975783016)
[2019.05.26-11.54.14:874][  0]LogPackageLocalizationCache: Processed 10 localized package path(s) for 1 prioritized culture(s) in 0.182983 seconds
[2019.05.26-11.54.14:900][  0]LogUObjectArray: 42205 objects as part of root set at end of initial load.
[2019.05.26-11.54.14:900][  0]LogUObjectAllocator: 7325032 out of 0 bytes used by permanent object pool.
[2019.05.26-11.54.14:900][  0]LogUObjectArray: CloseDisregardForGC: 0/0 objects in disregard for GC pool
[2019.05.26-11.55.04:866][  0]LogTcpMessaging: Initializing TcpMessaging bridge
[2019.05.26-11.55.04:914][  0]LogUdpMessaging: Initializing bridge on interface 0.0.0.0:0 to multicast group 230.0.0.1:6666.
[2019.05.26-11.55.05:860][  0]SourceControl: Source control is disabled
[2019.05.26-11.55.05:861][  0]SourceControl: Source control is disabled
[2019.05.26-11.55.05:958][  0]SourceControl: Source control is disabled
[2019.05.26-11.55.05:977][  0]SourceControl: Source control is disabled
[2019.05.26-11.55.07:380][  0]LogAndroidPermission: UAndroidPermissionCallbackProxy::GetInstance
[2019.05.26-11.55.08:214][  0]LogOcInput: OculusInput pre-init called
[2019.05.26-11.55.11:654][  0]LogEngine: Initializing Engine...
[2019.05.26-11.55.11:714][  0]LogHMD: Failed to initialize OpenVR with code 110
[2019.05.26-11.55.11:756][  0]LogStats: UGameplayTagsManager::InitializeManager -  0.027 s
[2019.05.26-11.55.13:427][  0]LogInit: Initializing FReadOnlyCVARCache
[2019.05.26-11.55.13:769][  0]LogAIModule: Creating AISystem for world Untitled
[2019.05.26-11.55.13:829][  0]LogInit: XAudio2 using 'Speakers (Realtek High Definition Audio)' : 2 channels at 48 kHz using 32 bits per sample (channel mask 0x3)
[2019.05.26-11.55.14:179][  0]LogInit: FAudioDevice initialized.
[2019.05.26-11.55.14:179][  0]LogNetVersion: Set ProjectVersion to 1.0.0.0. Version Checksum will be recalculated on next use.
[2019.05.26-11.55.14:469][  0]LogDerivedDataCache: Saved boot cache 0.29s 71MB C:/Users/Acer/AppData/Local/UnrealEngine/4.22/DerivedDataCache/Boot.ddc.
[2019.05.26-11.55.14:487][  0]LogInit: Texture streaming: Enabled
[2019.05.26-11.55.14:663][  0]LogEngineSessionManager: EngineSessionManager initialized
[2019.05.26-11.55.15:282][  0]LogInit: Transaction tracking system initialized
[2019.05.26-11.55.15:883][  0]BlueprintLog: New page: Editor Load
[2019.05.26-11.55.18:500][  0]LocalizationService: Localization service is disabled
[2019.05.26-11.55.22:789][  0]LogFileCache: Scanning file cache for directory 'E:/ACEDAMIC/3rd Year/SCS 3113 - Game development/InfiniteMatrixStarter/Content/' took 0.04s
[2019.05.26-11.55.22:789][  0]LogCook: Display: Max memory allowance for cook 16384mb min free memory 0mb
[2019.05.26-11.55.22:789][  0]LogCook: Display: Mobile HDR setting 1
[2019.05.26-11.55.26:465][  0]SourceControl: Source control is disabled
[2019.05.26-11.55.26:477][  0]Cmd: MAP LOAD FILE="E:/ACEDAMIC/3rd Year/SCS 3113 - Game development/InfiniteMatrixStarter/Content/InfiniteMatrix/Maps/TutorialMap.umap" TEMPLATE=0 SHOWPROGRESS=1 FEATURELEVEL=3
[2019.05.26-11.55.26:488][  0]LightingResults: New page: Lighting Build
[2019.05.26-11.55.26:539][  0]MapCheck: New page: Map Check
[2019.05.26-11.55.26:539][  0]LightingResults: New page: Lighting Build
[2019.05.26-11.55.26:574][  0]LogUObjectHash: Compacting FUObjectHashTables data took   2.88ms
[2019.05.26-11.55.28:211][  0]LogAIModule: Creating AISystem for world TutorialMap
[2019.05.26-11.55.28:304][  0]LogEditorServer: Finished looking for orphan Actors (0.000 secs)
[2019.05.26-11.55.28:369][  0]LogUObjectHash: Compacting FUObjectHashTables data took   3.36ms
[2019.05.26-11.55.28:382][  0]Cmd: MAP CHECKDEP NOCLEARLOG
[2019.05.26-11.55.28:398][  0]MapCheck: Map check complete: 0 Error(s), 0 Warning(s), took 0.142ms to complete.
[2019.05.26-11.55.28:398][  0]LogFileHelpers: Loading map 'TutorialMap' took 1.921
[2019.05.26-11.55.29:338][  0]LogSlate: Updating window title bar state: overlay mode, drag disabled, window buttons hidden, title bar hidden
[2019.05.26-11.55.29:390][  0]LogSlate: Updating window title bar state: overlay mode, drag disabled, window buttons hidden, title bar hidden
[2019.05.26-11.55.29:402][  0]LogSlate: Updating window title bar state: overlay mode, drag disabled, window buttons hidden, title bar hidden
[2019.05.26-11.55.29:414][  0]LogSlate: Updating window title bar state: overlay mode, drag disabled, window buttons hidden, title bar hidden
[2019.05.26-11.55.29:631][  0]LogCollectionManager: Loaded 0 collections in 0.003938 seconds
[2019.05.26-11.55.29:901][  0]LogFileCache: Scanning file cache for directory 'E:/ACEDAMIC/3rd Year/SCS 3113 - Game development/InfiniteMatrixStarter/Saved/Collections/' took 0.01s
[2019.05.26-11.55.29:901][  0]LogFileCache: Scanning file cache for directory 'E:/ACEDAMIC/3rd Year/SCS 3113 - Game development/InfiniteMatrixStarter/Content/Developers/Acer/Collections/' took 0.00s
[2019.05.26-11.55.29:901][  0]LogFileCache: Scanning file cache for directory 'E:/ACEDAMIC/3rd Year/SCS 3113 - Game development/InfiniteMatrixStarter/Content/Collections/' took 0.00s
[2019.05.26-11.55.29:901][  0]LogCollectionManager: Rebuilt the GUID cache for 0 collections in 0.000000 seconds
[2019.05.26-11.55.29:916][  0]LogContentBrowser: Native class hierarchy populated in 0.0146 seconds. Added 2732 classes and 659 folders.
[2019.05.26-11.55.30:156][  0]LogContentBrowser: Native class hierarchy updated for 'WidgetCarousel' in 0.0004 seconds. Added 0 classes and 0 folders.
[2019.05.26-11.55.30:285][  0]LogPakFile: Registered encryption key '00000000000000000000000000000000': 0 pak files mounted, 0 remain pending
[2019.05.26-11.55.30:387][  0]LogPakFile: Registered encryption key '00000000000000000000000000000000': 0 pak files mounted, 0 remain pending
[2019.05.26-11.55.30:485][  0]LogPakFile: Registered encryption key '00000000000000000000000000000000': 0 pak files mounted, 0 remain pending
[2019.05.26-11.55.30:529][  0]LogPakFile: Registered encryption key '00000000000000000000000000000000': 0 pak files mounted, 0 remain pending
[2019.05.26-11.55.30:536][  0]LogPakFile: Registered encryption key '00000000000000000000000000000000': 0 pak files mounted, 0 remain pending
[2019.05.26-11.55.30:543][  0]LogPakFile: Registered encryption key '00000000000000000000000000000000': 0 pak files mounted, 0 remain pending
[2019.05.26-11.55.30:552][  0]LogPakFile: Registered encryption key '00000000000000000000000000000000': 0 pak files mounted, 0 remain pending
[2019.05.26-11.55.30:558][  0]LogPakFile: Registered encryption key '00000000000000000000000000000000': 0 pak files mounted, 0 remain pending
[2019.05.26-11.55.30:566][  0]LogPakFile: Registered encryption key '00000000000000000000000000000000': 0 pak files mounted, 0 remain pending
[2019.05.26-11.55.30:575][  0]LogPakFile: Registered encryption key '00000000000000000000000000000000': 0 pak files mounted, 0 remain pending
[2019.05.26-11.55.30:583][  0]LogPakFile: Registered encryption key '00000000000000000000000000000000': 0 pak files mounted, 0 remain pending
[2019.05.26-11.55.30:593][  0]LogPakFile: Registered encryption key '00000000000000000000000000000000': 0 pak files mounted, 0 remain pending
[2019.05.26-11.55.30:726][  0]LogPakFile: Registered encryption key '00000000000000000000000000000000': 0 pak files mounted, 0 remain pending
[2019.05.26-11.55.30:736][  0]LogPakFile: Registered encryption key '00000000000000000000000000000000': 0 pak files mounted, 0 remain pending
[2019.05.26-11.55.30:743][  0]LogPakFile: Registered encryption key '00000000000000000000000000000000': 0 pak files mounted, 0 remain pending
[2019.05.26-11.55.30:750][  0]LogPakFile: Registered encryption key '00000000000000000000000000000000': 0 pak files mounted, 0 remain pending
[2019.05.26-11.55.30:787][  0]LogPakFile: Registered encryption key '00000000000000000000000000000000': 0 pak files mounted, 0 remain pending
[2019.05.26-11.55.30:797][  0]LogPakFile: Registered encryption key '00000000000000000000000000000000': 0 pak files mounted, 0 remain pending
[2019.05.26-11.55.30:804][  0]LogPakFile: Registered encryption key '00000000000000000000000000000000': 0 pak files mounted, 0 remain pending
[2019.05.26-11.55.30:811][  0]LogPakFile: Registered encryption key '00000000000000000000000000000000': 0 pak files mounted, 0 remain pending
[2019.05.26-11.55.30:833][  0]LogPakFile: Registered encryption key '00000000000000000000000000000000': 0 pak files mounted, 0 remain pending
[2019.05.26-11.55.30:861][  0]LogPakFile: Registered encryption key '00000000000000000000000000000000': 0 pak files mounted, 0 remain pending
[2019.05.26-11.55.30:868][  0]LogPakFile: Registered encryption key '00000000000000000000000000000000': 0 pak files mounted, 0 remain pending
[2019.05.26-11.55.30:877][  0]LogPakFile: Registered encryption key '00000000000000000000000000000000': 0 pak files mounted, 0 remain pending
[2019.05.26-11.55.30:884][  0]LogPakFile: Registered encryption key '00000000000000000000000000000000': 0 pak files mounted, 0 remain pending
[2019.05.26-11.55.30:925][  0]LogPakFile: Registered encryption key '00000000000000000000000000000000': 0 pak files mounted, 0 remain pending
[2019.05.26-11.55.31:863][  0]LogContentBrowser: Native class hierarchy updated for 'AddContentDialog' in 0.0005 seconds. Added 0 classes and 0 folders.
[2019.05.26-11.55.31:950][  0]LogContentBrowser: Native class hierarchy updated for 'SceneOutliner' in 0.0004 seconds. Added 1 classes and 2 folders.
[2019.05.26-11.55.32:235][  0]LogSlate: Took 0.042065 seconds to synchronously load lazily loaded font '../../../Engine/Content/Slate/Fonts/Roboto-Regular.ttf' (155K)
[2019.05.26-11.55.32:289][  0]LogSlate: Took 0.051665 seconds to synchronously load lazily loaded font '../../../Engine/Content/Slate/Fonts/Roboto-Bold.ttf' (160K)
[2019.05.26-11.55.32:368][  0]LogSlate: Took 0.056313 seconds to synchronously load lazily loaded font '../../../Engine/Content/Editor/Slate/Fonts/FontAwesome.ttf' (139K)
[2019.05.26-11.55.32:821][  0]LogRenderer: Reallocating scene render targets to support 856x396 Format 10 NumSamples 1 (Frame:1).
[2019.05.26-11.55.33:521][  0]LogContentBrowser: Native class hierarchy updated for 'HierarchicalLODOutliner' in 0.0005 seconds. Added 0 classes and 0 folders.
[2019.05.26-11.55.33:521][  0]LogLoad: (Engine Initialization) Total time: 259.16 seconds
[2019.05.26-11.55.33:521][  0]LogLoad: (Engine Initialization) Total Blueprint compile time: 0.00 seconds
[2019.05.26-11.55.33:832][  0]LogContentStreaming: Texture pool size now 1000 MB
[2019.05.26-11.55.34:085][  0]LogSlate: Took 0.025735 seconds to synchronously load lazily loaded font '../../../Engine/Content/Slate/Fonts/Roboto-Light.ttf' (167K)
[2019.05.26-11.55.34:210][  1]LogAssetRegistry: Asset discovery search completed in 97.3835 seconds
[2019.05.26-11.55.34:216][  1]LogCollectionManager: Rebuilt the object cache for 0 collections in 0.000001 seconds (found 0 objects)
[2019.05.26-11.55.34:216][  1]LogCollectionManager: Fixed up redirectors for 0 collections in 0.000098 seconds (updated 0 objects)
[2019.05.26-11.55.35:187][  4]LogSlate: Took 0.000234 seconds to synchronously load lazily loaded font '../../../Engine/Content/Slate/Fonts/Roboto-Light.ttf' (167K)
[2019.05.26-11.59.56:142][824]LogSlate: FSceneViewport::OnFocusLost() reason 2
[2019.05.26-11.59.59:003][928]LogSlate: FSceneViewport::OnFocusLost() reason 0
[2019.05.26-12.01.08:008][411]LogAssetEditorManager: Opening Asset editor for Blueprint /Game/InfiniteMatrix/Blueprints/BP_Player.BP_Player
[2019.05.26-12.01.09:319][411]LogContentBrowser: Native class hierarchy updated for 'BlueprintGraph' in 0.0014 seconds. Added 121 classes and 0 folders.
[2019.05.26-12.01.11:195][411]LogSlate: Took 0.016513 seconds to synchronously load lazily loaded font '../../../Engine/Content/Slate/Fonts/Roboto-BoldCondensed.ttf' (158K)
[2019.05.26-12.01.11:677][412]LogSlate: Took 0.034357 seconds to synchronously load lazily loaded font '../../../Engine/Content/Slate/Fonts/Roboto-Italic.ttf' (157K)
[2019.05.26-12.01.24:395][ 32]LogAssetEditorManager: Opening Asset editor for Blueprint /Game/InfiniteMatrix/Blueprints/BP_TunnelSpawner.BP_TunnelSpawner
[2019.05.26-12.41.47:062][844]LogAssetEditorManager: Opening Asset editor for Blueprint /Game/InfiniteMatrix/Blueprints/BP_Tunnel.BP_Tunnel
[2019.05.26-12.42.39:129][658]LogRenderer: Reallocating scene render targets to support 856x468 Format 10 NumSamples 1 (Frame:1).
[2019.05.26-12.43.28:330][509]LogUObjectHash: Compacting FUObjectHashTables data took   6.64ms
[2019.05.26-12.43.28:330][509]LogFileHelpers: Editor autosave (incl. sublevels) for '/Game/InfiniteMatrix/Maps/TutorialMap' took 0.082
[2019.05.26-12.43.28:332][509]OBJ SavePackage: Generating thumbnails for [1] asset(s) in package [/Game/InfiniteMatrix/Blueprints/BP_Tunnel] ([1] browsable assets)...
[2019.05.26-12.43.28:442][509]OBJ SavePackage:     Rendered thumbnail for [Blueprint /Game/InfiniteMatrix/Blueprints/BP_Tunnel.BP_Tunnel]
[2019.05.26-12.43.28:442][509]OBJ SavePackage: Finished generating thumbnails for package [/Game/InfiniteMatrix/Blueprints/BP_Tunnel]
[2019.05.26-12.43.28:582][509]LogSavePackage: Moving 'E:/ACEDAMIC/3rd Year/SCS 3113 - Game development/InfiniteMatrixStarter/Saved/BP_Tunnel_Auto1DC982C0F4787F9E2C53B4F9AC5493F5E.tmp' to 'E:/ACEDAMIC/3rd Year/SCS 3113 - Game development/InfiniteMatrixStarter/Saved/Autosaves/Game/InfiniteMatrix/Blueprints/BP_Tunnel_Auto1.uasset'
[2019.05.26-12.43.28:584][509]LogFileHelpers: Auto-saving content packages took 0.253
[2019.05.26-13.00.10:105][ 30]LogUObjectHash: Compacting FUObjectHashTables data took   3.43ms
[2019.05.26-13.00.10:105][ 30]LogFileHelpers: Editor autosave (incl. sublevels) for '/Game/InfiniteMatrix/Maps/TutorialMap' took 0.098
[2019.05.26-13.00.10:106][ 30]OBJ SavePackage: Generating thumbnails for [1] asset(s) in package [/Game/InfiniteMatrix/Blueprints/BP_Tunnel] ([1] browsable assets)...
[2019.05.26-13.00.10:188][ 30]OBJ SavePackage:     Rendered thumbnail for [Blueprint /Game/InfiniteMatrix/Blueprints/BP_Tunnel.BP_Tunnel]
[2019.05.26-13.00.10:188][ 30]OBJ SavePackage: Finished generating thumbnails for package [/Game/InfiniteMatrix/Blueprints/BP_Tunnel]
[2019.05.26-13.00.10:244][ 30]LogSavePackage: Moving 'E:/ACEDAMIC/3rd Year/SCS 3113 - Game development/InfiniteMatrixStarter/Saved/BP_Tunnel_Auto2D227ADA84130968A309F2793138BED7D.tmp' to 'E:/ACEDAMIC/3rd Year/SCS 3113 - Game development/InfiniteMatrixStarter/Saved/Autosaves/Game/InfiniteMatrix/Blueprints/BP_Tunnel_Auto2.uasset'
[2019.05.26-13.00.10:244][ 30]LogFileHelpers: Auto-saving content packages took 0.138
[2019.05.26-13.01.49:179][326]LogSlate: FSceneViewport::OnFocusLost() reason 2
[2019.05.26-13.10.10:527][975]LogUObjectHash: Compacting FUObjectHashTables data took   2.47ms
[2019.05.26-13.10.10:527][975]LogFileHelpers: Editor autosave (incl. sublevels) for '/Game/InfiniteMatrix/Maps/TutorialMap' took 0.061
[2019.05.26-13.10.10:529][975]OBJ SavePackage: Generating thumbnails for [1] asset(s) in package [/Game/InfiniteMatrix/Blueprints/BP_Tunnel] ([1] browsable assets)...
[2019.05.26-13.10.10:621][975]OBJ SavePackage:     Rendered thumbnail for [Blueprint /Game/InfiniteMatrix/Blueprints/BP_Tunnel.BP_Tunnel]
[2019.05.26-13.10.10:622][975]OBJ SavePackage: Finished generating thumbnails for package [/Game/InfiniteMatrix/Blueprints/BP_Tunnel]
[2019.05.26-13.10.10:675][975]LogSavePackage: Moving 'E:/ACEDAMIC/3rd Year/SCS 3113 - Game development/InfiniteMatrixStarter/Saved/BP_Tunnel_Auto307CA147044B830144AC3998306F726BB.tmp' to 'E:/ACEDAMIC/3rd Year/SCS 3113 - Game development/InfiniteMatrixStarter/Saved/Autosaves/Game/InfiniteMatrix/Blueprints/BP_Tunnel_Auto3.uasset'
[2019.05.26-13.10.10:677][975]LogFileHelpers: Auto-saving content packages took 0.148
[2019.05.26-13.22.23:134][161]LogSlate: FSceneViewport::OnFocusLost() reason 2
[2019.05.26-13.22.44:317][177]LogSlate: FSceneViewport::OnFocusLost() reason 2
[2019.05.26-13.23.29:440][ 52]LogUObjectHash: Compacting FUObjectHashTables data took   5.51ms
[2019.05.26-13.23.29:441][ 52]LogFileHelpers: Editor autosave (incl. sublevels) for '/Game/InfiniteMatrix/Maps/TutorialMap' took 0.072
[2019.05.26-13.23.29:442][ 52]OBJ SavePackage: Generating thumbnails for [1] asset(s) in package [/Game/InfiniteMatrix/Blueprints/BP_Tunnel] ([1] browsable assets)...
[2019.05.26-13.23.29:493][ 52]OBJ SavePackage:     Rendered thumbnail for [Blueprint /Game/InfiniteMatrix/Blueprints/BP_Tunnel.BP_Tunnel]
[2019.05.26-13.23.29:493][ 52]OBJ SavePackage: Finished generating thumbnails for package [/Game/InfiniteMatrix/Blueprints/BP_Tunnel]
[2019.05.26-13.23.29:565][ 52]LogSavePackage: Moving 'E:/ACEDAMIC/3rd Year/SCS 3113 - Game development/InfiniteMatrixStarter/Saved/BP_Tunnel_Auto468A12DDE4004DF238C302B8A42974EBD.tmp' to 'E:/ACEDAMIC/3rd Year/SCS 3113 - Game development/InfiniteMatrixStarter/Saved/Autosaves/Game/InfiniteMatrix/Blueprints/BP_Tunnel_Auto4.uasset'
[2019.05.26-13.23.29:566][ 52]LogFileHelpers: Auto-saving content packages took 0.124
[2019.05.26-13.25.40:804][746]BlueprintLog: New page: Compile BP_Tunnel
[2019.05.26-13.25.41:192][746]LogUObjectHash: Compacting FUObjectHashTables data took   4.01ms
[2019.05.26-13.28.46:990][934]LogSlate: FSceneViewport::OnFocusLost() reason 0
[2019.05.26-13.29.08:042][837]LogSavePackage: Moving 'E:/ACEDAMIC/3rd Year/SCS 3113 - Game development/InfiniteMatrixStarter/Saved/BP_Tunnel3AD3BFE3406F03C649528D999752B578.tmp' to 'E:/ACEDAMIC/3rd Year/SCS 3113 - Game development/InfiniteMatrixStarter/Content/InfiniteMatrix/Blueprints/BP_Tunnel.uasset'
[2019.05.26-13.31.51:565][466]LogEditorTransaction: Undo Split Struct Pin
[2019.05.26-13.32.16:799][817]BlueprintLog: New page: Compile BP_TunnelSpawner
[2019.05.26-13.32.17:136][817]LogUObjectHash: Compacting FUObjectHashTables data took   6.49ms
[2019.05.26-13.33.29:986][113]LogUObjectHash: Compacting FUObjectHashTables data took   4.36ms
[2019.05.26-13.33.30:477][113]LogSavePackage: Moving 'E:/ACEDAMIC/3rd Year/SCS 3113 - Game development/InfiniteMatrixStarter/Saved/TutorialMap_Auto50DECD3CC4ADEB0F25FF30FBAC0886C4D.tmp' to 'E:/ACEDAMIC/3rd Year/SCS 3113 - Game development/InfiniteMatrixStarter/Saved/Autosaves/Game/InfiniteMatrix/Maps/TutorialMap_Auto5.umap'
[2019.05.26-13.33.30:481][113]LogFileHelpers: Editor autosave (incl. sublevels) for '/Game/InfiniteMatrix/Maps/TutorialMap' took 0.580
[2019.05.26-13.33.30:481][113]LogFileHelpers: Editor autosave (incl. sublevels) for all levels took 0.580
[2019.05.26-13.33.30:486][113]OBJ SavePackage: Generating thumbnails for [0] asset(s) in package [/Game/InfiniteMatrix/Blueprints/BP_TunnelSpawner] ([1] browsable assets)...
[2019.05.26-13.33.30:486][113]OBJ SavePackage: Finished generating thumbnails for package [/Game/InfiniteMatrix/Blueprints/BP_TunnelSpawner]
[2019.05.26-13.33.30:552][113]LogSavePackage: Moving 'E:/ACEDAMIC/3rd Year/SCS 3113 - Game development/InfiniteMatrixStarter/Saved/BP_TunnelSpawner_Auto51C9AF0644A71919EE2E2B79B04ECDE51.tmp' to 'E:/ACEDAMIC/3rd Year/SCS 3113 - Game development/InfiniteMatrixStarter/Saved/Autosaves/Game/InfiniteMatrix/Blueprints/BP_TunnelSpawner_Auto5.uasset'
[2019.05.26-13.33.30:553][113]LogFileHelpers: Auto-saving content packages took 0.068
[2019.05.26-13.44.00:416][985]LogUObjectHash: Compacting FUObjectHashTables data took   4.10ms
[2019.05.26-13.44.00:417][985]LogFileHelpers: Editor autosave (incl. sublevels) for '/Game/InfiniteMatrix/Maps/TutorialMap' took 0.063
[2019.05.26-13.44.00:419][985]OBJ SavePackage: Generating thumbnails for [0] asset(s) in package [/Game/InfiniteMatrix/Blueprints/BP_TunnelSpawner] ([1] browsable assets)...
[2019.05.26-13.44.00:419][985]OBJ SavePackage: Finished generating thumbnails for package [/Game/InfiniteMatrix/Blueprints/BP_TunnelSpawner]
[2019.05.26-13.44.00:473][985]LogSavePackage: Moving 'E:/ACEDAMIC/3rd Year/SCS 3113 - Game development/InfiniteMatrixStarter/Saved/BP_TunnelSpawner_Auto66362ED41480DD4A3622E0ABC339013AA.tmp' to 'E:/ACEDAMIC/3rd Year/SCS 3113 - Game development/InfiniteMatrixStarter/Saved/Autosaves/Game/InfiniteMatrix/Blueprints/BP_TunnelSpawner_Auto6.uasset'
[2019.05.26-13.44.00:474][985]LogFileHelpers: Auto-saving content packages took 0.055
[2019.05.26-13.45.57:620][ 49]BlueprintLog: New page: Compile BP_TunnelSpawner
[2019.05.26-13.45.57:926][ 49]LogUObjectHash: Compacting FUObjectHashTables data took   3.65ms
[2019.05.26-13.56.39:727][936]LogUObjectHash: Compacting FUObjectHashTables data took   6.51ms
[2019.05.26-13.56.39:980][936]LogSavePackage: Moving 'E:/ACEDAMIC/3rd Year/SCS 3113 - Game development/InfiniteMatrixStarter/Saved/TutorialMap_Auto7F2A6F8CB442F4CF35509B09E70552D32.tmp' to 'E:/ACEDAMIC/3rd Year/SCS 3113 - Game development/InfiniteMatrixStarter/Saved/Autosaves/Game/InfiniteMatrix/Maps/TutorialMap_Auto7.umap'
[2019.05.26-13.56.39:985][936]LogFileHelpers: Editor autosave (incl. sublevels) for '/Game/InfiniteMatrix/Maps/TutorialMap' took 0.339
[2019.05.26-13.56.39:985][936]LogFileHelpers: Editor autosave (incl. sublevels) for all levels took 0.339
[2019.05.26-13.56.39:989][936]OBJ SavePackage: Generating thumbnails for [0] asset(s) in package [/Game/InfiniteMatrix/Blueprints/BP_TunnelSpawner] ([1] browsable assets)...
[2019.05.26-13.56.39:989][936]OBJ SavePackage: Finished generating thumbnails for package [/Game/InfiniteMatrix/Blueprints/BP_TunnelSpawner]
[2019.05.26-13.56.40:099][936]LogSavePackage: Moving 'E:/ACEDAMIC/3rd Year/SCS 3113 - Game development/InfiniteMatrixStarter/Saved/BP_TunnelSpawner_Auto7921275EE4C8648B41AEF859A78B491C5.tmp' to 'E:/ACEDAMIC/3rd Year/SCS 3113 - Game development/InfiniteMatrixStarter/Saved/Autosaves/Game/InfiniteMatrix/Blueprints/BP_TunnelSpawner_Auto7.uasset'
[2019.05.26-13.56.40:100][936]LogFileHelpers: Auto-saving content packages took 0.111
[2019.05.26-13.57.59:678][597]BlueprintLog: New page: Compile BP_TunnelSpawner
[2019.05.26-13.58.00:020][597]LogUObjectHash: Compacting FUObjectHashTables data took   5.46ms
[2019.05.26-13.59.11:541][491]LogSlate: Took 0.025004 seconds to synchronously load lazily loaded font '../../../Engine/Content/Slate/Fonts/Roboto-BoldCondensedItalic.ttf' (160K)
[2019.05.26-13.59.59:723][292]BlueprintLog: New page: Compile BP_Tunnel
[2019.05.26-14.00.00:021][292]LogUObjectHash: Compacting FUObjectHashTables data took   6.22ms
[2019.05.26-14.06.40:620][623]LogUObjectHash: Compacting FUObjectHashTables data took   6.55ms
[2019.05.26-14.06.40:948][623]LogSavePackage: Moving 'E:/ACEDAMIC/3rd Year/SCS 3113 - Game development/InfiniteMatrixStarter/Saved/TutorialMap_Auto870D2519B4474CD2A4CFCB2A1272D55EA.tmp' to 'E:/ACEDAMIC/3rd Year/SCS 3113 - Game development/InfiniteMatrixStarter/Saved/Autosaves/Game/InfiniteMatrix/Maps/TutorialMap_Auto8.umap'
[2019.05.26-14.06.40:953][623]LogFileHelpers: Editor autosave (incl. sublevels) for '/Game/InfiniteMatrix/Maps/TutorialMap' took 0.432
[2019.05.26-14.06.40:953][623]LogFileHelpers: Editor autosave (incl. sublevels) for all levels took 0.432
[2019.05.26-14.06.40:957][623]OBJ SavePackage: Generating thumbnails for [0] asset(s) in package [/Game/InfiniteMatrix/Blueprints/BP_TunnelSpawner] ([1] browsable assets)...
[2019.05.26-14.06.40:958][623]OBJ SavePackage: Finished generating thumbnails for package [/Game/InfiniteMatrix/Blueprints/BP_TunnelSpawner]
[2019.05.26-14.06.41:057][623]LogSavePackage: Moving 'E:/ACEDAMIC/3rd Year/SCS 3113 - Game development/InfiniteMatrixStarter/Saved/BP_TunnelSpawner_Auto8D0EF40BB4E9A8B49EA64CD85E59BB4FB.tmp' to 'E:/ACEDAMIC/3rd Year/SCS 3113 - Game development/InfiniteMatrixStarter/Saved/Autosaves/Game/InfiniteMatrix/Blueprints/BP_TunnelSpawner_Auto8.uasset'
[2019.05.26-14.06.41:058][623]OBJ SavePackage: Generating thumbnails for [1] asset(s) in package [/Game/InfiniteMatrix/Blueprints/BP_Tunnel] ([1] browsable assets)...
[2019.05.26-14.06.41:144][623]OBJ SavePackage:     Rendered thumbnail for [Blueprint /Game/InfiniteMatrix/Blueprints/BP_Tunnel.BP_Tunnel]
[2019.05.26-14.06.41:144][623]OBJ SavePackage: Finished generating thumbnails for package [/Game/InfiniteMatrix/Blueprints/BP_Tunnel]
[2019.05.26-14.06.41:195][623]LogSavePackage: Moving 'E:/ACEDAMIC/3rd Year/SCS 3113 - Game development/InfiniteMatrixStarter/Saved/BP_Tunnel_Auto88D950C8D42862CD42BB4A38B0CA4C778.tmp' to 'E:/ACEDAMIC/3rd Year/SCS 3113 - Game development/InfiniteMatrixStarter/Saved/Autosaves/Game/InfiniteMatrix/Blueprints/BP_Tunnel_Auto8.uasset'
[2019.05.26-14.06.41:196][623]LogFileHelpers: Auto-saving content packages took 0.239
[2019.05.26-14.20.35:899][716]LogUObjectHash: Compacting FUObjectHashTables data took   5.34ms
[2019.05.26-14.20.36:198][716]LogSavePackage: Moving 'E:/ACEDAMIC/3rd Year/SCS 3113 - Game development/InfiniteMatrixStarter/Saved/TutorialMap_Auto9D9486DF54490D43A8A737EA1B42A3B95.tmp' to 'E:/ACEDAMIC/3rd Year/SCS 3113 - Game development/InfiniteMatrixStarter/Saved/Autosaves/Game/InfiniteMatrix/Maps/TutorialMap_Auto9.umap'
[2019.05.26-14.20.36:202][716]LogFileHelpers: Editor autosave (incl. sublevels) for '/Game/InfiniteMatrix/Maps/TutorialMap' took 0.374
[2019.05.26-14.20.36:203][716]LogFileHelpers: Editor autosave (incl. sublevels) for all levels took 0.374
[2019.05.26-14.20.36:209][716]OBJ SavePackage: Generating thumbnails for [0] asset(s) in package [/Game/InfiniteMatrix/Blueprints/BP_TunnelSpawner] ([1] browsable assets)...
[2019.05.26-14.20.36:209][716]OBJ SavePackage: Finished generating thumbnails for package [/Game/InfiniteMatrix/Blueprints/BP_TunnelSpawner]
[2019.05.26-14.20.36:307][716]LogSavePackage: Moving 'E:/ACEDAMIC/3rd Year/SCS 3113 - Game development/InfiniteMatrixStarter/Saved/BP_TunnelSpawner_Auto94BB4546144AD76ABAC3693B529E132F8.tmp' to 'E:/ACEDAMIC/3rd Year/SCS 3113 - Game development/InfiniteMatrixStarter/Saved/Autosaves/Game/InfiniteMatrix/Blueprints/BP_TunnelSpawner_Auto9.uasset'
[2019.05.26-14.20.36:307][716]LogFileHelpers: Auto-saving content packages took 0.099
[2019.05.26-14.28.37:421][951]LogHttp: Warning: 00000265904C2E80: request failed, libcurl error: 56 (Failure when receiving data from the peer)
[2019.05.26-14.28.37:421][951]LogHttp: Warning: 00000265904C2E80: libcurl info message cache 0 (Found bundle for host datarouter.ol.epicgames.com: 0x2652bc9bf70 [can pipeline])
[2019.05.26-14.28.37:421][951]LogHttp: Warning: 00000265904C2E80: libcurl info message cache 1 (Re-using existing connection! (#63) with host datarouter.ol.epicgames.com)
[2019.05.26-14.28.37:421][951]LogHttp: Warning: 00000265904C2E80: libcurl info message cache 2 (Connected to datarouter.ol.epicgames.com (18.209.142.114) port 443 (#63))
[2019.05.26-14.28.37:421][951]LogHttp: Warning: 00000265904C2E80: libcurl info message cache 3 (We are completely uploaded and fine)
[2019.05.26-14.28.37:421][951]LogHttp: Warning: 00000265904C2E80: libcurl info message cache 4 (OpenSSL SSL_read: SSL_ERROR_SYSCALL, errno 10054)
[2019.05.26-14.28.37:421][951]LogHttp: Warning: 00000265904C2E80: libcurl info message cache 5 (Connection died, retrying a fresh connect)
[2019.05.26-14.28.37:421][951]LogHttp: Warning: 00000265904C2E80: libcurl info message cache 6 (necessary data rewind wasn't possible)
[2019.05.26-14.28.37:421][951]LogHttp: Warning: 00000265904C2E80: libcurl info message cache 7 (Closing connection 63)
[2019.05.26-14.28.37:755][952]LogHttp: Warning: Retry exhausted on https://datarouter.ol.epicgames.com/datarouter/api/v1/public/data?SessionID=%7B1A31999B-42A1-A2CE-FF49-C49E4C34F356%7D&AppID=UEEditor.Rocket.Release&AppVersion=4.22.2-6574378%2B%2B%2BUE4%2BRelease-4.22&UserID=c23ff326442d1224e4558c9192a3a968%7C75d3919b08194cf6acb7c63bb9aaf1cc%7Cd82e9d82-40bb-4b99-85ad-5276bd1e6f44&AppEnvironment=datacollector-binary&UploadType=eteventstream
[2019.05.26-14.30.36:596][305]LogUObjectHash: Compacting FUObjectHashTables data took   3.98ms
[2019.05.26-14.30.36:596][305]LogFileHelpers: Editor autosave (incl. sublevels) for '/Game/InfiniteMatrix/Maps/TutorialMap' took 0.097
[2019.05.26-14.30.36:601][305]OBJ SavePackage: Generating thumbnails for [0] asset(s) in package [/Game/InfiniteMatrix/Blueprints/BP_TunnelSpawner] ([1] browsable assets)...
[2019.05.26-14.30.36:601][305]OBJ SavePackage: Finished generating thumbnails for package [/Game/InfiniteMatrix/Blueprints/BP_TunnelSpawner]
[2019.05.26-14.30.36:704][305]LogSavePackage: Moving 'E:/ACEDAMIC/3rd Year/SCS 3113 - Game development/InfiniteMatrixStarter/Saved/BP_TunnelSpawner_Auto0802872FD4F7CD6FCB623EFBCBB702AEB.tmp' to 'E:/ACEDAMIC/3rd Year/SCS 3113 - Game development/InfiniteMatrixStarter/Saved/Autosaves/Game/InfiniteMatrix/Blueprints/BP_TunnelSpawner_Auto0.uasset'
[2019.05.26-14.30.36:704][305]LogFileHelpers: Auto-saving content packages took 0.105
[2019.05.26-14.32.01:217][607]BlueprintLog: New page: Compile BP_TunnelSpawner
[2019.05.26-14.32.01:565][607]LogUObjectHash: Compacting FUObjectHashTables data took   5.45ms
[2019.05.26-14.40.37:000][248]LogUObjectHash: Compacting FUObjectHashTables data took   6.37ms
[2019.05.26-14.40.37:292][248]LogSavePackage: Moving 'E:/ACEDAMIC/3rd Year/SCS 3113 - Game development/InfiniteMatrixStarter/Saved/TutorialMap_Auto17379BDE849592616CF8308961D05E037.tmp' to 'E:/ACEDAMIC/3rd Year/SCS 3113 - Game development/InfiniteMatrixStarter/Saved/Autosaves/Game/InfiniteMatrix/Maps/TutorialMap_Auto1.umap'
[2019.05.26-14.40.37:300][248]LogFileHelpers: Editor autosave (incl. sublevels) for '/Game/InfiniteMatrix/Maps/TutorialMap' took 0.365
[2019.05.26-14.40.37:300][248]LogFileHelpers: Editor autosave (incl. sublevels) for all levels took 0.365
[2019.05.26-14.40.37:307][248]OBJ SavePackage: Generating thumbnails for [0] asset(s) in package [/Game/InfiniteMatrix/Blueprints/BP_TunnelSpawner] ([1] browsable assets)...
[2019.05.26-14.40.37:307][248]OBJ SavePackage: Finished generating thumbnails for package [/Game/InfiniteMatrix/Blueprints/BP_TunnelSpawner]
[2019.05.26-14.40.37:386][248]LogSavePackage: Moving 'E:/ACEDAMIC/3rd Year/SCS 3113 - Game development/InfiniteMatrixStarter/Saved/BP_TunnelSpawner_Auto15196D61C4382DAC632230CA8A8FB2350.tmp' to 'E:/ACEDAMIC/3rd Year/SCS 3113 - Game development/InfiniteMatrixStarter/Saved/Autosaves/Game/InfiniteMatrix/Blueprints/BP_TunnelSpawner_Auto1.uasset'
[2019.05.26-14.40.37:388][248]OBJ SavePackage: Generating thumbnails for [1] asset(s) in package [/Game/InfiniteMatrix/Blueprints/BP_Tunnel] ([1] browsable assets)...
[2019.05.26-14.40.37:434][248]OBJ SavePackage:     Rendered thumbnail for [Blueprint /Game/InfiniteMatrix/Blueprints/BP_Tunnel.BP_Tunnel]
[2019.05.26-14.40.37:434][248]OBJ SavePackage: Finished generating thumbnails for package [/Game/InfiniteMatrix/Blueprints/BP_Tunnel]
[2019.05.26-14.40.37:474][248]LogSavePackage: Moving 'E:/ACEDAMIC/3rd Year/SCS 3113 - Game development/InfiniteMatrixStarter/Saved/BP_Tunnel_Auto16ADB038E4156DBDDD4C6F29F3338D534.tmp' to 'E:/ACEDAMIC/3rd Year/SCS 3113 - Game development/InfiniteMatrixStarter/Saved/Autosaves/Game/InfiniteMatrix/Blueprints/BP_Tunnel_Auto1.uasset'
[2019.05.26-14.40.37:475][248]LogFileHelpers: Auto-saving content packages took 0.168
[2019.05.26-14.50.37:916][964]LogUObjectHash: Compacting FUObjectHashTables data took   4.83ms
[2019.05.26-14.50.37:916][964]LogFileHelpers: Editor autosave (incl. sublevels) for '/Game/InfiniteMatrix/Maps/TutorialMap' took 0.094
[2019.05.26-14.50.37:918][964]OBJ SavePackage: Generating thumbnails for [1] asset(s) in package [/Game/InfiniteMatrix/Blueprints/BP_Tunnel] ([1] browsable assets)...
[2019.05.26-14.50.38:005][964]OBJ SavePackage:     Rendered thumbnail for [Blueprint /Game/InfiniteMatrix/Blueprints/BP_Tunnel.BP_Tunnel]
[2019.05.26-14.50.38:005][964]OBJ SavePackage: Finished generating thumbnails for package [/Game/InfiniteMatrix/Blueprints/BP_Tunnel]
[2019.05.26-14.50.38:105][964]LogSavePackage: Moving 'E:/ACEDAMIC/3rd Year/SCS 3113 - Game development/InfiniteMatrixStarter/Saved/BP_Tunnel_Auto251950DD342C1E3729CD894A82B0603B2.tmp' to 'E:/ACEDAMIC/3rd Year/SCS 3113 - Game development/InfiniteMatrixStarter/Saved/Autosaves/Game/InfiniteMatrix/Blueprints/BP_Tunnel_Auto2.uasset'
[2019.05.26-14.50.38:106][964]LogFileHelpers: Auto-saving content packages took 0.189
[2019.05.26-15.00.38:522][590]LogUObjectHash: Compacting FUObjectHashTables data took   6.72ms
[2019.05.26-15.00.38:523][590]LogFileHelpers: Editor autosave (incl. sublevels) for '/Game/InfiniteMatrix/Maps/TutorialMap' took 0.088
[2019.05.26-15.00.38:525][590]OBJ SavePackage: Generating thumbnails for [0] asset(s) in package [/Game/InfiniteMatrix/Blueprints/BP_TunnelSpawner] ([1] browsable assets)...
[2019.05.26-15.00.38:525][590]OBJ SavePackage: Finished generating thumbnails for package [/Game/InfiniteMatrix/Blueprints/BP_TunnelSpawner]
[2019.05.26-15.00.38:620][590]LogSavePackage: Moving 'E:/ACEDAMIC/3rd Year/SCS 3113 - Game development/InfiniteMatrixStarter/Saved/BP_TunnelSpawner_Auto3C376831D4CCA704B9F4EF189729E22E2.tmp' to 'E:/ACEDAMIC/3rd Year/SCS 3113 - Game development/InfiniteMatrixStarter/Saved/Autosaves/Game/InfiniteMatrix/Blueprints/BP_TunnelSpawner_Auto3.uasset'
[2019.05.26-15.00.38:625][590]LogFileHelpers: Auto-saving content packages took 0.100
[2019.05.26-15.10.52:166][297]BlueprintLog: New page: Compile BP_Tunnel
[2019.05.26-15.10.52:473][297]LogUObjectHash: Compacting FUObjectHashTables data took   5.99ms
[2019.05.26-15.10.54:007][363]BlueprintLog: New page: Compile BP_TunnelSpawner
[2019.05.26-15.10.54:290][363]LogUObjectHash: Compacting FUObjectHashTables data took   5.58ms
[2019.05.26-15.10.58:266][533]LogUObjectHash: Compacting FUObjectHashTables data took   5.08ms
[2019.05.26-15.10.58:566][533]LogSavePackage: Moving 'E:/ACEDAMIC/3rd Year/SCS 3113 - Game development/InfiniteMatrixStarter/Saved/TutorialMap_Auto40EE5984347C81F2B54A3D4A647929CFC.tmp' to 'E:/ACEDAMIC/3rd Year/SCS 3113 - Game development/InfiniteMatrixStarter/Saved/Autosaves/Game/InfiniteMatrix/Maps/TutorialMap_Auto4.umap'
[2019.05.26-15.10.58:574][533]LogFileHelpers: Editor autosave (incl. sublevels) for '/Game/InfiniteMatrix/Maps/TutorialMap' took 0.396
[2019.05.26-15.10.58:574][533]LogFileHelpers: Editor autosave (incl. sublevels) for all levels took 0.396
[2019.05.26-15.10.58:579][533]OBJ SavePackage: Generating thumbnails for [0] asset(s) in package [/Game/InfiniteMatrix/Blueprints/BP_TunnelSpawner] ([1] browsable assets)...
[2019.05.26-15.10.58:579][533]OBJ SavePackage: Finished generating thumbnails for package [/Game/InfiniteMatrix/Blueprints/BP_TunnelSpawner]
[2019.05.26-15.10.58:647][533]LogSavePackage: Moving 'E:/ACEDAMIC/3rd Year/SCS 3113 - Game development/InfiniteMatrixStarter/Saved/BP_TunnelSpawner_Auto4347ACE894DC4774C4E4E7B83BB774EB3.tmp' to 'E:/ACEDAMIC/3rd Year/SCS 3113 - Game development/InfiniteMatrixStarter/Saved/Autosaves/Game/InfiniteMatrix/Blueprints/BP_TunnelSpawner_Auto4.uasset'
[2019.05.26-15.10.58:651][533]OBJ SavePackage: Generating thumbnails for [1] asset(s) in package [/Game/InfiniteMatrix/Blueprints/BP_Tunnel] ([1] browsable assets)...
[2019.05.26-15.10.58:689][533]OBJ SavePackage:     Rendered thumbnail for [Blueprint /Game/InfiniteMatrix/Blueprints/BP_Tunnel.BP_Tunnel]
[2019.05.26-15.10.58:689][533]OBJ SavePackage: Finished generating thumbnails for package [/Game/InfiniteMatrix/Blueprints/BP_Tunnel]
[2019.05.26-15.10.58:761][533]LogSavePackage: Moving 'E:/ACEDAMIC/3rd Year/SCS 3113 - Game development/InfiniteMatrixStarter/Saved/BP_Tunnel_Auto4FD43B03C45DFBB8D32F3BF9DBA8CAE20.tmp' to 'E:/ACEDAMIC/3rd Year/SCS 3113 - Game development/InfiniteMatrixStarter/Saved/Autosaves/Game/InfiniteMatrix/Blueprints/BP_Tunnel_Auto4.uasset'
[2019.05.26-15.10.58:764][533]LogFileHelpers: Auto-saving content packages took 0.185
[2019.05.26-15.11.04:561][848]LogUObjectHash: Compacting FUObjectHashTables data took   4.63ms
[2019.05.26-15.11.04:705][848]LogUObjectHash: Compacting FUObjectHashTables data took   0.93ms
[2019.05.26-15.11.04:965][848]LogSavePackage: Moving 'E:/ACEDAMIC/3rd Year/SCS 3113 - Game development/InfiniteMatrixStarter/Saved/TutorialMap883182D64ED22AD7364B9DB0DF32E2F1.tmp' to 'E:/ACEDAMIC/3rd Year/SCS 3113 - Game development/InfiniteMatrixStarter/Content/InfiniteMatrix/Maps/TutorialMap.umap'
[2019.05.26-15.11.05:108][848]LogFileHelpers: Saving map 'TutorialMap' took 0.474
[2019.05.26-15.11.05:173][848]LogSavePackage: Moving 'E:/ACEDAMIC/3rd Year/SCS 3113 - Game development/InfiniteMatrixStarter/Saved/BP_TunnelSpawnerEB7B759A410C1C05E6DAC1B40122D245.tmp' to 'E:/ACEDAMIC/3rd Year/SCS 3113 - Game development/InfiniteMatrixStarter/Content/InfiniteMatrix/Blueprints/BP_TunnelSpawner.uasset'
[2019.05.26-15.11.05:226][848]LogSavePackage: Moving 'E:/ACEDAMIC/3rd Year/SCS 3113 - Game development/InfiniteMatrixStarter/Saved/BP_Tunnel9D9A7AD64F74D7949C95749D3E200297.tmp' to 'E:/ACEDAMIC/3rd Year/SCS 3113 - Game development/InfiniteMatrixStarter/Content/InfiniteMatrix/Blueprints/BP_Tunnel.uasset'
