Log file open, 05/26/19 07:51:31
LogWindows: Failed to load 'aqProf.dll' (GetLastError=126)
LogWindows: File 'aqProf.dll' does not exist
LogWindows: Failed to load 'VtuneApi.dll' (GetLastError=126)
LogWindows: File 'VtuneApi.dll' does not exist
LogWindows: Failed to load 'VtuneApi32e.dll' (GetLastError=126)
LogWindows: File 'VtuneApi32e.dll' does not exist
LogConsoleResponse: Display: Failed to find resolution value strings in scalability ini. Falling back to default.
LogInit: Display: Running engine for game: InfiniteMatrix
LogPakFile: Registered encryption key '00000000000000000000000000000000': 0 pak files mounted, 0 remain pending
LogPlatformFile: Not using cached read wrapper
LogTaskGraph: Started task graph with 5 named threads and 11 total threads with 3 sets of task threads.
LogStats: Stats thread started at 0.318580
LogD3D11RHI: Loaded GFSDK_Aftermath_Lib.x64.dll
LogICUInternationalization: ICU TimeZone Detection - Raw Offset: +5:30, Platform Override: ''
LogPluginManager: Mounting plugin Paper2D
LogPluginManager: Mounting plugin AISupport
LogPluginManager: Mounting plugin LightPropagationVolume
LogPluginManager: Mounting plugin ActorLayerUtilities
LogPluginManager: Mounting plugin AnimationSharing
LogPluginManager: Mounting plugin CLionSourceCodeAccess
LogPluginManager: Mounting plugin CodeLiteSourceCodeAccess
LogPluginManager: Mounting plugin GitSourceControl
LogPluginManager: Mounting plugin KDevelopSourceCodeAccess
LogPluginManager: Mounting plugin NullSourceCodeAccess
LogPluginManager: Mounting plugin PerforceSourceControl
LogPluginManager: Mounting plugin SubversionSourceControl
LogPluginManager: Mounting plugin UObjectPlugin
LogPluginManager: Mounting plugin VisualStudioCodeSourceCodeAccess
LogPluginManager: Mounting plugin VisualStudioSourceCodeAccess
LogPluginManager: Mounting plugin XCodeSourceCodeAccess
LogPluginManager: Mounting plugin AssetManagerEditor
LogPluginManager: Mounting plugin CryptoKeys
LogPluginManager: Mounting plugin DataValidation
LogPluginManager: Mounting plugin FacialAnimation
LogPluginManager: Mounting plugin GameplayTagsEditor
LogPluginManager: Mounting plugin MacGraphicsSwitching
LogPluginManager: Mounting plugin MaterialAnalyzer
LogPluginManager: Mounting plugin MobileLauncherProfileWizard
LogPluginManager: Mounting plugin PluginBrowser
LogPluginManager: Mounting plugin SpeedTreeImporter
LogPluginManager: Mounting plugin DatasmithContent
LogPluginManager: Mounting plugin VariantManagerContent
LogPluginManager: Mounting plugin AlembicImporter
LogPluginManager: Mounting plugin AppleImageUtils
LogPluginManager: Mounting plugin AppleVision
LogPluginManager: Mounting plugin BackChannel
LogPluginManager: Mounting plugin CharacterAI
LogPluginManager: Mounting plugin GeometryCache
LogPluginManager: Mounting plugin HTML5Networking
LogPluginManager: Mounting plugin ProxyLODPlugin
LogPluginManager: Mounting plugin SkeletalReduction
LogPluginManager: Mounting plugin MagicLeap
LogPluginManager: Mounting plugin MagicLeapMedia
LogPluginManager: Mounting plugin AndroidMedia
LogPluginManager: Mounting plugin AvfMedia
LogPluginManager: Mounting plugin ImgMedia
LogPluginManager: Mounting plugin LinearTimecode
LogPluginManager: Mounting plugin MediaCompositing
LogPluginManager: Mounting plugin MediaPlayerEditor
LogPluginManager: Mounting plugin WebMMedia
LogPluginManager: Mounting plugin WmfMedia
LogPluginManager: Mounting plugin TcpMessaging
LogPluginManager: Mounting plugin UdpMessaging
LogPluginManager: Mounting plugin ActorSequence
LogPluginManager: Mounting plugin LevelSequenceEditor
LogPluginManager: Mounting plugin MatineeToLevelSequence
LogPluginManager: Mounting plugin NetcodeUnitTest
LogPluginManager: Mounting plugin NUTUnrealEngine4
LogPluginManager: Mounting plugin OnlineSubsystemGooglePlay
LogPluginManager: Mounting plugin OnlineSubsystemIOS
LogPluginManager: Mounting plugin OnlineSubsystem
LogPluginManager: Mounting plugin OnlineSubsystemNull
LogPluginManager: Mounting plugin OnlineSubsystemUtils
LogPluginManager: Mounting plugin LauncherChunkInstaller
LogPluginManager: Mounting plugin AndroidDeviceProfileSelector
LogPluginManager: Mounting plugin AndroidMoviePlayer
LogPluginManager: Mounting plugin AndroidPermission
LogPluginManager: Mounting plugin AppleMoviePlayer
LogPluginManager: Mounting plugin ArchVisCharacter
LogPluginManager: Mounting plugin AudioCapture
LogPluginManager: Mounting plugin CableComponent
LogPluginManager: Mounting plugin CustomMeshComponent
LogPluginManager: Mounting plugin EditableMesh
LogPluginManager: Mounting plugin ExampleDeviceProfileSelector
LogPluginManager: Mounting plugin Firebase
LogPluginManager: Mounting plugin GoogleCloudMessaging
LogPluginManager: Mounting plugin IOSDeviceProfileSelector
LogPluginManager: Mounting plugin LinuxDeviceProfileSelector
LogPluginManager: Mounting plugin LocationServicesBPLibrary
LogPluginManager: Mounting plugin MobilePatchingUtils
LogPluginManager: Mounting plugin OculusVR
LogPluginManager: Mounting plugin PhysXVehicles
LogPluginManager: Mounting plugin ProceduralMeshComponent
LogPluginManager: Mounting plugin RuntimePhysXCooking
LogPluginManager: Mounting plugin SignificanceManager
LogPluginManager: Mounting plugin SteamVR
LogPluginManager: Mounting plugin WebMMoviePlayer
LogPluginManager: Mounting plugin WindowsMoviePlayer
LogInit: Using libcurl 7.55.1-DEV
LogInit:  - built for x86_64-pc-win32
LogInit:  - supports SSL with OpenSSL/1.1.1
LogInit:  - supports HTTP deflate (compression) using libz 1.2.8
LogInit:  - other features:
LogInit:      CURL_VERSION_SSL
LogInit:      CURL_VERSION_LIBZ
LogInit:      CURL_VERSION_IPV6
LogInit:      CURL_VERSION_ASYNCHDNS
LogInit:      CURL_VERSION_LARGEFILE
LogInit:      CURL_VERSION_IDN
LogInit:  CurlRequestOptions (configurable via config and command line):
LogInit:  - bVerifyPeer = true  - Libcurl will verify peer certificate
LogInit:  - bUseHttpProxy = false  - Libcurl will NOT use HTTP proxy
LogInit:  - bDontReuseConnections = false  - Libcurl will reuse connections
LogInit:  - MaxHostConnections = 16  - Libcurl will limit the number of connections to a host
LogInit:  - LocalHostAddr = Default
LogInit:  - BufferSize = 65536
LogInit: WinSock: version 1.1 (2.2), MaxSocks=32767, MaxUdp=65467
LogInit: Build: ++UE4+Release-4.22-CL-6574378
LogInit: Engine Version: 4.22.2-6574378+++UE4+Release-4.22
LogInit: Compatible Engine Version: 4.22.0-5660361+++UE4+Release-4.22
LogInit: Net CL: 5660361
LogInit: OS: Windows 10 (Release 1809) (), CPU: Intel(R) Core(TM) i5-6200U CPU @ 2.30GHz, GPU: Intel(R) HD Graphics 520
LogInit: Compiled (64-bit): May 20 2019 09:54:56
LogInit: Compiled with Visual C++: 19.16.27025.01
LogInit: Build Configuration: Development
LogInit: Branch Name: ++UE4+Release-4.22
LogInit: Command Line: 
LogInit: Base Directory: C:/Program Files/Epic Games/UE_4.22/Engine/Binaries/Win64/
LogInit: Installed Engine Build: 1
LogDevObjectVersion: Number of dev versions registered: 23
LogDevObjectVersion:   Dev-Blueprints (B0D832E4-1F89-4F0D-ACCF-7EB736FD4AA2): 10
LogDevObjectVersion:   Dev-Build (E1C64328-A22C-4D53-A36C-8E866417BD8C): 0
LogDevObjectVersion:   Dev-Core (375EC13C-06E4-48FB-B500-84F0262A717E): 3
LogDevObjectVersion:   Dev-Editor (E4B068ED-F494-42E9-A231-DA0B2E46BB41): 30
LogDevObjectVersion:   Dev-Framework (CFFC743F-43B0-4480-9391-14DF171D2073): 35
LogDevObjectVersion:   Dev-Mobile (B02B49B5-BB20-44E9-A304-32B752E40360): 2
LogDevObjectVersion:   Dev-Networking (A4E4105C-59A1-49B5-A7C5-40C4547EDFEE): 0
LogDevObjectVersion:   Dev-Online (39C831C9-5AE6-47DC-9A44-9C173E1C8E7C): 0
LogDevObjectVersion:   Dev-Physics (78F01B33-EBEA-4F98-B9B4-84EACCB95AA2): 0
LogDevObjectVersion:   Dev-Platform (6631380F-2D4D-43E0-8009-CF276956A95A): 0
LogDevObjectVersion:   Dev-Rendering (12F88B9F-8875-4AFC-A67C-D90C383ABD29): 28
LogDevObjectVersion:   Dev-Sequencer (7B5AE74C-D270-4C10-A958-57980B212A5A): 11
LogDevObjectVersion:   Dev-VR (D7296918-1DD6-4BDD-9DE2-64A83CC13884): 2
LogDevObjectVersion:   Dev-LoadTimes (C2A15278-BFE7-4AFE-6C17-90FF531DF755): 1
LogDevObjectVersion:   Private-Geometry (6EACA3D4-40EC-4CC1-B786-8BED09428FC5): 3
LogDevObjectVersion:   Dev-AnimPhys (29E575DD-E0A3-4627-9D10-D276232CDCEA): 17
LogDevObjectVersion:   Dev-Anim (AF43A65D-7FD3-4947-9873-3E8ED9C1BB05): 2
LogDevObjectVersion:   Dev-ReflectionCapture (6B266CEC-1EC7-4B8F-A30B-E4D90942FC07): 1
LogDevObjectVersion:   Dev-Automation (0DF73D61-A23F-47EA-B727-89E90C41499A): 1
LogDevObjectVersion:   FortniteMain (601D1886-AC64-4F84-AA16-D3DE0DEAC7D6): 25
LogDevObjectVersion:   Dev-Enterprise (9DFFBCD6-494F-0158-E221-12823C92A888): 6
LogDevObjectVersion:   Dev-Niagara (F2AED0AC-9AFE-416F-8664-AA7FFA26D6FC): 1
LogDevObjectVersion:   Dev-Destruction (174F1F0B-B4C6-45A5-B13F-2EE8D0FB917D): 2
LogInit: Presizing for max 16777216 objects, including 0 objects not considered by GC, pre-allocating 0 bytes for permanent pool.
LogInit: Object subsystem initialized
LogConfig: Setting CVar [[con.DebugEarlyDefault:1]]
LogConfig: Setting CVar [[r.setres:1280x720]]
[2019.05.26-02.21.31:849][  0]LogConfig: Setting CVar [[r.VSync:0]]
[2019.05.26-02.21.31:849][  0]LogConfig: Setting CVar [[r.RHICmdBypass:0]]
[2019.05.26-02.21.31:849][  0]LogConfig: Applying CVar settings from Section [/Script/Engine.RendererSettings] File [E:/ACEDAMIC/3rd Year/SCS 3113 - Game development/InfiniteMatrixStarter/Saved/Config/Windows/Engine.ini]
[2019.05.26-02.21.31:849][  0]LogConfig: Setting CVar [[r.GPUCrashDebugging:0]]
[2019.05.26-02.21.31:849][  0]LogConfig: Applying CVar settings from Section [/Script/Engine.RendererOverrideSettings] File [E:/ACEDAMIC/3rd Year/SCS 3113 - Game development/InfiniteMatrixStarter/Saved/Config/Windows/Engine.ini]
[2019.05.26-02.21.31:849][  0]LogConfig: Applying CVar settings from Section [/Script/Engine.StreamingSettings] File [E:/ACEDAMIC/3rd Year/SCS 3113 - Game development/InfiniteMatrixStarter/Saved/Config/Windows/Engine.ini]
[2019.05.26-02.21.31:849][  0]LogConfig: Setting CVar [[s.MinBulkDataSizeForAsyncLoading:131072]]
[2019.05.26-02.21.31:849][  0]LogConfig: Setting CVar [[s.AsyncLoadingThreadEnabled:0]]
[2019.05.26-02.21.31:849][  0]LogConfig: Setting CVar [[s.EventDrivenLoaderEnabled:1]]
[2019.05.26-02.21.31:849][  0]LogConfig: Setting CVar [[s.WarnIfTimeLimitExceeded:0]]
[2019.05.26-02.21.31:849][  0]LogConfig: Setting CVar [[s.TimeLimitExceededMultiplier:1.5]]
[2019.05.26-02.21.31:849][  0]LogConfig: Setting CVar [[s.TimeLimitExceededMinTime:0.005]]
[2019.05.26-02.21.31:849][  0]LogConfig: Setting CVar [[s.UseBackgroundLevelStreaming:1]]
[2019.05.26-02.21.31:849][  0]LogConfig: Setting CVar [[s.PriorityAsyncLoadingExtraTime:15.0]]
[2019.05.26-02.21.31:849][  0]LogConfig: Setting CVar [[s.LevelStreamingActorsUpdateTimeLimit:5.0]]
[2019.05.26-02.21.31:850][  0]LogConfig: Setting CVar [[s.PriorityLevelStreamingActorsUpdateExtraTime:5.0]]
[2019.05.26-02.21.31:850][  0]LogConfig: Setting CVar [[s.LevelStreamingComponentsRegistrationGranularity:10]]
[2019.05.26-02.21.31:850][  0]LogConfig: Setting CVar [[s.UnregisterComponentsTimeLimit:1.0]]
[2019.05.26-02.21.31:850][  0]LogConfig: Setting CVar [[s.LevelStreamingComponentsUnregistrationGranularity:5]]
[2019.05.26-02.21.31:850][  0]LogConfig: Applying CVar settings from Section [/Script/Engine.GarbageCollectionSettings] File [E:/ACEDAMIC/3rd Year/SCS 3113 - Game development/InfiniteMatrixStarter/Saved/Config/Windows/Engine.ini]
[2019.05.26-02.21.31:850][  0]LogConfig: Setting CVar [[gc.MaxObjectsNotConsideredByGC:1]]
[2019.05.26-02.21.31:850][  0]LogConfig: Setting CVar [[gc.SizeOfPermanentObjectPool:0]]
[2019.05.26-02.21.31:850][  0]LogConfig: Setting CVar [[gc.FlushStreamingOnGC:0]]
[2019.05.26-02.21.31:850][  0]LogConfig: Setting CVar [[gc.NumRetriesBeforeForcingGC:10]]
[2019.05.26-02.21.31:850][  0]LogConfig: Setting CVar [[gc.AllowParallelGC:1]]
[2019.05.26-02.21.31:850][  0]LogConfig: Setting CVar [[gc.TimeBetweenPurgingPendingKillObjects:61.1]]
[2019.05.26-02.21.31:850][  0]LogConfig: Setting CVar [[gc.MaxObjectsInEditor:16777216]]
[2019.05.26-02.21.31:850][  0]LogConfig: Setting CVar [[gc.IncrementalBeginDestroyEnabled:1]]
[2019.05.26-02.21.31:850][  0]LogConfig: Setting CVar [[gc.CreateGCClusters:1]]
[2019.05.26-02.21.31:850][  0]LogConfig: Setting CVar [[gc.MinGCClusterSize:5]]
[2019.05.26-02.21.31:850][  0]LogConfig: Setting CVar [[gc.ActorClusteringEnabled:0]]
[2019.05.26-02.21.31:850][  0]LogConfig: Setting CVar [[gc.BlueprintClusteringEnabled:0]]
[2019.05.26-02.21.31:850][  0]LogConfig: Setting CVar [[gc.UseDisregardForGCOnDedicatedServers:0]]
[2019.05.26-02.21.31:850][  0]LogConfig: Applying CVar settings from Section [/Script/Engine.NetworkSettings] File [E:/ACEDAMIC/3rd Year/SCS 3113 - Game development/InfiniteMatrixStarter/Saved/Config/Windows/Engine.ini]
[2019.05.26-02.21.31:850][  0]LogConfig: Applying CVar settings from Section [/Script/UnrealEd.CookerSettings] File [E:/ACEDAMIC/3rd Year/SCS 3113 - Game development/InfiniteMatrixStarter/Saved/Config/Windows/Engine.ini]
[2019.05.26-02.21.31:854][  0]LogConfig: Applying CVar settings from Section [ViewDistanceQuality@3] File [E:/ACEDAMIC/3rd Year/SCS 3113 - Game development/InfiniteMatrixStarter/Saved/Config/Windows/Scalability.ini]
[2019.05.26-02.21.31:854][  0]LogConfig: Setting CVar [[r.SkeletalMeshLODBias:0]]
[2019.05.26-02.21.31:854][  0]LogConfig: Setting CVar [[r.ViewDistanceScale:1.0]]
[2019.05.26-02.21.31:854][  0]LogConfig: Applying CVar settings from Section [AntiAliasingQuality@3] File [E:/ACEDAMIC/3rd Year/SCS 3113 - Game development/InfiniteMatrixStarter/Saved/Config/Windows/Scalability.ini]
[2019.05.26-02.21.31:854][  0]LogConfig: Setting CVar [[r.PostProcessAAQuality:4]]
[2019.05.26-02.21.31:854][  0]LogConfig: Applying CVar settings from Section [ShadowQuality@3] File [E:/ACEDAMIC/3rd Year/SCS 3113 - Game development/InfiniteMatrixStarter/Saved/Config/Windows/Scalability.ini]
[2019.05.26-02.21.31:854][  0]LogConfig: Setting CVar [[r.LightFunctionQuality:1]]
[2019.05.26-02.21.31:854][  0]LogConfig: Setting CVar [[r.ShadowQuality:5]]
[2019.05.26-02.21.31:854][  0]LogConfig: Setting CVar [[r.Shadow.CSM.MaxCascades:10]]
[2019.05.26-02.21.31:854][  0]LogConfig: Setting CVar [[r.Shadow.MaxResolution:2048]]
[2019.05.26-02.21.31:854][  0]LogConfig: Setting CVar [[r.Shadow.MaxCSMResolution:2048]]
[2019.05.26-02.21.31:854][  0]LogConfig: Setting CVar [[r.Shadow.RadiusThreshold:0.01]]
[2019.05.26-02.21.31:854][  0]LogConfig: Setting CVar [[r.Shadow.DistanceScale:1.0]]
[2019.05.26-02.21.31:855][  0]LogConfig: Setting CVar [[r.Shadow.CSM.TransitionScale:1.0]]
[2019.05.26-02.21.31:855][  0]LogConfig: Setting CVar [[r.Shadow.PreShadowResolutionFactor:1.0]]
[2019.05.26-02.21.31:855][  0]LogConfig: Setting CVar [[r.DistanceFieldShadowing:1]]
[2019.05.26-02.21.31:855][  0]LogConfig: Setting CVar [[r.DistanceFieldAO:1]]
[2019.05.26-02.21.31:855][  0]LogConfig: Setting CVar [[r.AOQuality:2]]
[2019.05.26-02.21.31:855][  0]LogConfig: Setting CVar [[r.VolumetricFog:1]]
[2019.05.26-02.21.31:855][  0]LogConfig: Setting CVar [[r.VolumetricFog.GridPixelSize:8]]
[2019.05.26-02.21.31:855][  0]LogConfig: Setting CVar [[r.VolumetricFog.GridSizeZ:128]]
[2019.05.26-02.21.31:855][  0]LogConfig: Setting CVar [[r.VolumetricFog.HistoryMissSupersampleCount:4]]
[2019.05.26-02.21.31:855][  0]LogConfig: Setting CVar [[r.LightMaxDrawDistanceScale:1]]
[2019.05.26-02.21.31:855][  0]LogConfig: Setting CVar [[r.CapsuleShadows:1]]
[2019.05.26-02.21.31:855][  0]LogConfig: Applying CVar settings from Section [PostProcessQuality@3] File [E:/ACEDAMIC/3rd Year/SCS 3113 - Game development/InfiniteMatrixStarter/Saved/Config/Windows/Scalability.ini]
[2019.05.26-02.21.31:855][  0]LogConfig: Setting CVar [[r.MotionBlurQuality:4]]
[2019.05.26-02.21.31:855][  0]LogConfig: Setting CVar [[r.AmbientOcclusionMipLevelFactor:0.4]]
[2019.05.26-02.21.31:855][  0]LogConfig: Setting CVar [[r.AmbientOcclusionMaxQuality:100]]
[2019.05.26-02.21.31:855][  0]LogConfig: Setting CVar [[r.AmbientOcclusionLevels:-1]]
[2019.05.26-02.21.31:855][  0]LogConfig: Setting CVar [[r.AmbientOcclusionRadiusScale:1.0]]
[2019.05.26-02.21.31:855][  0]LogConfig: Setting CVar [[r.DepthOfFieldQuality:2]]
[2019.05.26-02.21.31:855][  0]LogConfig: Setting CVar [[r.RenderTargetPoolMin:400]]
[2019.05.26-02.21.31:855][  0]LogConfig: Setting CVar [[r.LensFlareQuality:2]]
[2019.05.26-02.21.31:855][  0]LogConfig: Setting CVar [[r.SceneColorFringeQuality:1]]
[2019.05.26-02.21.31:855][  0]LogConfig: Setting CVar [[r.EyeAdaptationQuality:2]]
[2019.05.26-02.21.31:855][  0]LogConfig: Setting CVar [[r.BloomQuality:5]]
[2019.05.26-02.21.31:855][  0]LogConfig: Setting CVar [[r.FastBlurThreshold:100]]
[2019.05.26-02.21.31:855][  0]LogConfig: Setting CVar [[r.Upscale.Quality:3]]
[2019.05.26-02.21.31:855][  0]LogConfig: Setting CVar [[r.Tonemapper.GrainQuantization:1]]
[2019.05.26-02.21.31:855][  0]LogConfig: Setting CVar [[r.LightShaftQuality:1]]
[2019.05.26-02.21.31:855][  0]LogConfig: Setting CVar [[r.Filter.SizeScale:1]]
[2019.05.26-02.21.31:855][  0]LogConfig: Setting CVar [[r.Tonemapper.Quality:5]]
[2019.05.26-02.21.31:855][  0]LogConfig: Setting CVar [[r.DOF.Gather.AccumulatorQuality:1        ; higher gathering accumulator quality]]
[2019.05.26-02.21.31:856][  0]LogConfig: Setting CVar [[r.DOF.Gather.PostfilterMethod:1          ; Median3x3 postfilering method]]
[2019.05.26-02.21.31:856][  0]LogConfig: Setting CVar [[r.DOF.Gather.EnableBokehSettings:0       ; no bokeh simulation when gathering]]
[2019.05.26-02.21.31:856][  0]LogConfig: Setting CVar [[r.DOF.Gather.RingCount:4                 ; medium number of samples when gathering]]
[2019.05.26-02.21.31:856][  0]LogConfig: Setting CVar [[r.DOF.Scatter.ForegroundCompositing:1    ; additive foreground scattering]]
[2019.05.26-02.21.31:856][  0]LogConfig: Setting CVar [[r.DOF.Scatter.BackgroundCompositing:2    ; additive background scattering]]
[2019.05.26-02.21.31:856][  0]LogConfig: Setting CVar [[r.DOF.Scatter.EnableBokehSettings:1      ; bokeh simulation when scattering]]
[2019.05.26-02.21.31:856][  0]LogConfig: Setting CVar [[r.DOF.Scatter.MaxSpriteRatio:0.1         ; only a maximum of 10% of scattered bokeh]]
[2019.05.26-02.21.31:856][  0]LogConfig: Setting CVar [[r.DOF.Recombine.Quality:1                ; cheap slight out of focus]]
[2019.05.26-02.21.31:856][  0]LogConfig: Setting CVar [[r.DOF.Recombine.EnableBokehSettings:0    ; no bokeh simulation on slight out of focus]]
[2019.05.26-02.21.31:856][  0]LogConfig: Setting CVar [[r.DOF.TemporalAAQuality:1                ; more stable temporal accumulation]]
[2019.05.26-02.21.31:856][  0]LogConfig: Setting CVar [[r.DOF.Kernel.MaxForegroundRadius:0.025]]
[2019.05.26-02.21.31:856][  0]LogConfig: Setting CVar [[r.DOF.Kernel.MaxBackgroundRadius:0.025]]
[2019.05.26-02.21.31:856][  0]LogConfig: Applying CVar settings from Section [TextureQuality@3] File [E:/ACEDAMIC/3rd Year/SCS 3113 - Game development/InfiniteMatrixStarter/Saved/Config/Windows/Scalability.ini]
[2019.05.26-02.21.31:856][  0]LogConfig: Setting CVar [[r.Streaming.MipBias:0]]
[2019.05.26-02.21.31:856][  0]LogConfig: Setting CVar [[r.Streaming.AmortizeCPUToGPUCopy:0]]
[2019.05.26-02.21.31:856][  0]LogConfig: Setting CVar [[r.Streaming.MaxNumTexturesToStreamPerFrame:0]]
[2019.05.26-02.21.31:856][  0]LogConfig: Setting CVar [[r.Streaming.Boost:1]]
[2019.05.26-02.21.31:856][  0]LogConfig: Setting CVar [[r.MaxAnisotropy:8]]
[2019.05.26-02.21.31:856][  0]LogConfig: Setting CVar [[r.Streaming.LimitPoolSizeToVRAM:0]]
[2019.05.26-02.21.31:856][  0]LogConfig: Setting CVar [[r.Streaming.PoolSize:1000]]
[2019.05.26-02.21.31:856][  0]LogConfig: Setting CVar [[r.Streaming.MaxEffectiveScreenSize:0]]
[2019.05.26-02.21.31:856][  0]LogConfig: Applying CVar settings from Section [EffectsQuality@3] File [E:/ACEDAMIC/3rd Year/SCS 3113 - Game development/InfiniteMatrixStarter/Saved/Config/Windows/Scalability.ini]
[2019.05.26-02.21.31:856][  0]LogConfig: Setting CVar [[r.TranslucencyLightingVolumeDim:64]]
[2019.05.26-02.21.31:856][  0]LogConfig: Setting CVar [[r.RefractionQuality:2]]
[2019.05.26-02.21.31:856][  0]LogConfig: Setting CVar [[r.SSR.Quality:3]]
[2019.05.26-02.21.31:856][  0]LogConfig: Setting CVar [[r.SceneColorFormat:4]]
[2019.05.26-02.21.31:856][  0]LogConfig: Setting CVar [[r.DetailMode:2]]
[2019.05.26-02.21.31:856][  0]LogConfig: Setting CVar [[r.TranslucencyVolumeBlur:1]]
[2019.05.26-02.21.31:856][  0]LogConfig: Setting CVar [[r.MaterialQualityLevel:1 ; High quality]]
[2019.05.26-02.21.31:857][  0]LogConfig: Setting CVar [[r.SSS.Scale:1]]
[2019.05.26-02.21.31:857][  0]LogConfig: Setting CVar [[r.SSS.SampleSet:2]]
[2019.05.26-02.21.31:857][  0]LogConfig: Setting CVar [[r.SSS.Quality:1]]
[2019.05.26-02.21.31:857][  0]LogConfig: Setting CVar [[r.SSS.HalfRes:1]]
[2019.05.26-02.21.31:857][  0]LogConfig: Setting CVar [[r.EmitterSpawnRateScale:1.0]]
[2019.05.26-02.21.31:857][  0]LogConfig: Setting CVar [[r.ParticleLightQuality:2]]
[2019.05.26-02.21.31:857][  0]LogConfig: Applying CVar settings from Section [FoliageQuality@3] File [E:/ACEDAMIC/3rd Year/SCS 3113 - Game development/InfiniteMatrixStarter/Saved/Config/Windows/Scalability.ini]
[2019.05.26-02.21.31:857][  0]LogConfig: Setting CVar [[foliage.DensityScale:1.0]]
[2019.05.26-02.21.31:857][  0]LogConfig: Setting CVar [[grass.DensityScale:1.0]]
[2019.05.26-02.21.31:857][  0]LogInit: Selected Device Profile: [Windows]
[2019.05.26-02.21.31:857][  0]LogInit: Applying CVar settings loaded from the selected device profile: [Windows]
[2019.05.26-02.21.31:875][  0]LogHAL: Display: Platform has ~ 8 GB [8450043904 / 8589934592 / 8], which maps to Default [LargestMinGB=32, LargerMinGB=12, DefaultMinGB=8, SmallerMinGB=6, SmallestMinGB=0)
[2019.05.26-02.21.31:876][  0]LogConfig: Setting CVar [[r.Vulkan.UseRealUBs:0		; Required until we fix HLR fall-out]]
[2019.05.26-02.21.31:876][  0]LogInit: Going up to parent DeviceProfile []
[2019.05.26-02.21.31:876][  0]LogConfig: Applying CVar settings from Section [ViewDistanceQuality@3] File [E:/ACEDAMIC/3rd Year/SCS 3113 - Game development/InfiniteMatrixStarter/Saved/Config/Windows/Scalability.ini]
[2019.05.26-02.21.31:876][  0]LogConfig: Setting CVar [[r.SkeletalMeshLODBias:0]]
[2019.05.26-02.21.31:876][  0]LogConfig: Setting CVar [[r.ViewDistanceScale:1.0]]
[2019.05.26-02.21.31:876][  0]LogConfig: Applying CVar settings from Section [AntiAliasingQuality@3] File [E:/ACEDAMIC/3rd Year/SCS 3113 - Game development/InfiniteMatrixStarter/Saved/Config/Windows/Scalability.ini]
[2019.05.26-02.21.31:876][  0]LogConfig: Setting CVar [[r.PostProcessAAQuality:4]]
[2019.05.26-02.21.31:876][  0]LogConfig: Applying CVar settings from Section [ShadowQuality@3] File [E:/ACEDAMIC/3rd Year/SCS 3113 - Game development/InfiniteMatrixStarter/Saved/Config/Windows/Scalability.ini]
[2019.05.26-02.21.31:876][  0]LogConfig: Setting CVar [[r.LightFunctionQuality:1]]
[2019.05.26-02.21.31:876][  0]LogConfig: Setting CVar [[r.ShadowQuality:5]]
[2019.05.26-02.21.31:876][  0]LogConfig: Setting CVar [[r.Shadow.CSM.MaxCascades:10]]
[2019.05.26-02.21.31:876][  0]LogConfig: Setting CVar [[r.Shadow.MaxResolution:2048]]
[2019.05.26-02.21.31:876][  0]LogConfig: Setting CVar [[r.Shadow.MaxCSMResolution:2048]]
[2019.05.26-02.21.31:876][  0]LogConfig: Setting CVar [[r.Shadow.RadiusThreshold:0.01]]
[2019.05.26-02.21.31:876][  0]LogConfig: Setting CVar [[r.Shadow.DistanceScale:1.0]]
[2019.05.26-02.21.31:876][  0]LogConfig: Setting CVar [[r.Shadow.CSM.TransitionScale:1.0]]
[2019.05.26-02.21.31:876][  0]LogConfig: Setting CVar [[r.Shadow.PreShadowResolutionFactor:1.0]]
[2019.05.26-02.21.31:876][  0]LogConfig: Setting CVar [[r.DistanceFieldShadowing:1]]
[2019.05.26-02.21.31:876][  0]LogConfig: Setting CVar [[r.DistanceFieldAO:1]]
[2019.05.26-02.21.31:876][  0]LogConfig: Setting CVar [[r.AOQuality:2]]
[2019.05.26-02.21.31:876][  0]LogConfig: Setting CVar [[r.VolumetricFog:1]]
[2019.05.26-02.21.31:876][  0]LogConfig: Setting CVar [[r.VolumetricFog.GridPixelSize:8]]
[2019.05.26-02.21.31:876][  0]LogConfig: Setting CVar [[r.VolumetricFog.GridSizeZ:128]]
[2019.05.26-02.21.31:876][  0]LogConfig: Setting CVar [[r.VolumetricFog.HistoryMissSupersampleCount:4]]
[2019.05.26-02.21.31:876][  0]LogConfig: Setting CVar [[r.LightMaxDrawDistanceScale:1]]
[2019.05.26-02.21.31:876][  0]LogConfig: Setting CVar [[r.CapsuleShadows:1]]
[2019.05.26-02.21.31:876][  0]LogConfig: Applying CVar settings from Section [PostProcessQuality@3] File [E:/ACEDAMIC/3rd Year/SCS 3113 - Game development/InfiniteMatrixStarter/Saved/Config/Windows/Scalability.ini]
[2019.05.26-02.21.31:876][  0]LogConfig: Setting CVar [[r.MotionBlurQuality:4]]
[2019.05.26-02.21.31:876][  0]LogConfig: Setting CVar [[r.AmbientOcclusionMipLevelFactor:0.4]]
[2019.05.26-02.21.31:876][  0]LogConfig: Setting CVar [[r.AmbientOcclusionMaxQuality:100]]
[2019.05.26-02.21.31:876][  0]LogConfig: Setting CVar [[r.AmbientOcclusionLevels:-1]]
[2019.05.26-02.21.31:876][  0]LogConfig: Setting CVar [[r.AmbientOcclusionRadiusScale:1.0]]
[2019.05.26-02.21.31:876][  0]LogConfig: Setting CVar [[r.DepthOfFieldQuality:2]]
[2019.05.26-02.21.31:876][  0]LogConfig: Setting CVar [[r.RenderTargetPoolMin:400]]
[2019.05.26-02.21.31:876][  0]LogConfig: Setting CVar [[r.LensFlareQuality:2]]
[2019.05.26-02.21.31:876][  0]LogConfig: Setting CVar [[r.SceneColorFringeQuality:1]]
[2019.05.26-02.21.31:876][  0]LogConfig: Setting CVar [[r.EyeAdaptationQuality:2]]
[2019.05.26-02.21.31:876][  0]LogConfig: Setting CVar [[r.BloomQuality:5]]
[2019.05.26-02.21.31:876][  0]LogConfig: Setting CVar [[r.FastBlurThreshold:100]]
[2019.05.26-02.21.31:876][  0]LogConfig: Setting CVar [[r.Upscale.Quality:3]]
[2019.05.26-02.21.31:876][  0]LogConfig: Setting CVar [[r.Tonemapper.GrainQuantization:1]]
[2019.05.26-02.21.31:877][  0]LogConfig: Setting CVar [[r.LightShaftQuality:1]]
[2019.05.26-02.21.31:877][  0]LogConfig: Setting CVar [[r.Filter.SizeScale:1]]
[2019.05.26-02.21.31:877][  0]LogConfig: Setting CVar [[r.Tonemapper.Quality:5]]
[2019.05.26-02.21.31:877][  0]LogConfig: Setting CVar [[r.DOF.Gather.AccumulatorQuality:1        ; higher gathering accumulator quality]]
[2019.05.26-02.21.31:877][  0]LogConfig: Setting CVar [[r.DOF.Gather.PostfilterMethod:1          ; Median3x3 postfilering method]]
[2019.05.26-02.21.31:877][  0]LogConfig: Setting CVar [[r.DOF.Gather.EnableBokehSettings:0       ; no bokeh simulation when gathering]]
[2019.05.26-02.21.31:877][  0]LogConfig: Setting CVar [[r.DOF.Gather.RingCount:4                 ; medium number of samples when gathering]]
[2019.05.26-02.21.31:877][  0]LogConfig: Setting CVar [[r.DOF.Scatter.ForegroundCompositing:1    ; additive foreground scattering]]
[2019.05.26-02.21.31:877][  0]LogConfig: Setting CVar [[r.DOF.Scatter.BackgroundCompositing:2    ; additive background scattering]]
[2019.05.26-02.21.31:877][  0]LogConfig: Setting CVar [[r.DOF.Scatter.EnableBokehSettings:1      ; bokeh simulation when scattering]]
[2019.05.26-02.21.31:877][  0]LogConfig: Setting CVar [[r.DOF.Scatter.MaxSpriteRatio:0.1         ; only a maximum of 10% of scattered bokeh]]
[2019.05.26-02.21.31:877][  0]LogConfig: Setting CVar [[r.DOF.Recombine.Quality:1                ; cheap slight out of focus]]
[2019.05.26-02.21.31:877][  0]LogConfig: Setting CVar [[r.DOF.Recombine.EnableBokehSettings:0    ; no bokeh simulation on slight out of focus]]
[2019.05.26-02.21.31:877][  0]LogConfig: Setting CVar [[r.DOF.TemporalAAQuality:1                ; more stable temporal accumulation]]
[2019.05.26-02.21.31:877][  0]LogConfig: Setting CVar [[r.DOF.Kernel.MaxForegroundRadius:0.025]]
[2019.05.26-02.21.31:877][  0]LogConfig: Setting CVar [[r.DOF.Kernel.MaxBackgroundRadius:0.025]]
[2019.05.26-02.21.31:877][  0]LogConfig: Applying CVar settings from Section [TextureQuality@3] File [E:/ACEDAMIC/3rd Year/SCS 3113 - Game development/InfiniteMatrixStarter/Saved/Config/Windows/Scalability.ini]
[2019.05.26-02.21.31:877][  0]LogConfig: Setting CVar [[r.Streaming.MipBias:0]]
[2019.05.26-02.21.31:877][  0]LogConfig: Setting CVar [[r.Streaming.AmortizeCPUToGPUCopy:0]]
[2019.05.26-02.21.31:877][  0]LogConfig: Setting CVar [[r.Streaming.MaxNumTexturesToStreamPerFrame:0]]
[2019.05.26-02.21.31:877][  0]LogConfig: Setting CVar [[r.Streaming.Boost:1]]
[2019.05.26-02.21.31:877][  0]LogConfig: Setting CVar [[r.MaxAnisotropy:8]]
[2019.05.26-02.21.31:877][  0]LogConfig: Setting CVar [[r.Streaming.LimitPoolSizeToVRAM:0]]
[2019.05.26-02.21.31:877][  0]LogConfig: Setting CVar [[r.Streaming.PoolSize:1000]]
[2019.05.26-02.21.31:877][  0]LogConfig: Setting CVar [[r.Streaming.MaxEffectiveScreenSize:0]]
[2019.05.26-02.21.31:877][  0]LogConfig: Applying CVar settings from Section [EffectsQuality@3] File [E:/ACEDAMIC/3rd Year/SCS 3113 - Game development/InfiniteMatrixStarter/Saved/Config/Windows/Scalability.ini]
[2019.05.26-02.21.31:877][  0]LogConfig: Setting CVar [[r.TranslucencyLightingVolumeDim:64]]
[2019.05.26-02.21.31:877][  0]LogConfig: Setting CVar [[r.RefractionQuality:2]]
[2019.05.26-02.21.31:877][  0]LogConfig: Setting CVar [[r.SSR.Quality:3]]
[2019.05.26-02.21.31:877][  0]LogConfig: Setting CVar [[r.SceneColorFormat:4]]
[2019.05.26-02.21.31:877][  0]LogConfig: Setting CVar [[r.DetailMode:2]]
[2019.05.26-02.21.31:877][  0]LogConfig: Setting CVar [[r.TranslucencyVolumeBlur:1]]
[2019.05.26-02.21.31:877][  0]LogConfig: Setting CVar [[r.MaterialQualityLevel:1 ; High quality]]
[2019.05.26-02.21.31:877][  0]LogConfig: Setting CVar [[r.SSS.Scale:1]]
[2019.05.26-02.21.31:877][  0]LogConfig: Setting CVar [[r.SSS.SampleSet:2]]
[2019.05.26-02.21.31:877][  0]LogConfig: Setting CVar [[r.SSS.Quality:1]]
[2019.05.26-02.21.31:877][  0]LogConfig: Setting CVar [[r.SSS.HalfRes:1]]
[2019.05.26-02.21.31:877][  0]LogConfig: Setting CVar [[r.EmitterSpawnRateScale:1.0]]
[2019.05.26-02.21.31:877][  0]LogConfig: Setting CVar [[r.ParticleLightQuality:2]]
[2019.05.26-02.21.31:877][  0]LogConfig: Applying CVar settings from Section [FoliageQuality@3] File [E:/ACEDAMIC/3rd Year/SCS 3113 - Game development/InfiniteMatrixStarter/Saved/Config/Windows/Scalability.ini]
[2019.05.26-02.21.31:877][  0]LogConfig: Setting CVar [[foliage.DensityScale:1.0]]
[2019.05.26-02.21.31:877][  0]LogConfig: Setting CVar [[grass.DensityScale:1.0]]
[2019.05.26-02.21.31:877][  0]LogConfig: Applying CVar settings from Section [Startup] File [../../../Engine/Config/ConsoleVariables.ini]
[2019.05.26-02.21.31:878][  0]LogConfig: Setting CVar [[net.UseAdaptiveNetUpdateFrequency:0]]
[2019.05.26-02.21.31:878][  0]LogConfig: Setting CVar [[p.chaos.AllowCreatePhysxBodies:1]]
[2019.05.26-02.21.31:878][  0]LogConfig: Applying CVar settings from Section [ConsoleVariables] File [E:/ACEDAMIC/3rd Year/SCS 3113 - Game development/InfiniteMatrixStarter/Saved/Config/Windows/Engine.ini]
[2019.05.26-02.21.31:878][  0]LogInit: Computer: LAPTOP-GOLB6O3O
[2019.05.26-02.21.31:878][  0]LogInit: User: Acer
[2019.05.26-02.21.31:878][  0]LogInit: CPU Page size=4096, Cores=2
[2019.05.26-02.21.31:878][  0]LogInit: High frequency timer resolution =10.000000 MHz
[2019.05.26-02.21.31:879][  0]LogMemory: Memory total: Physical=7.9GB (8GB approx)
[2019.05.26-02.21.31:879][  0]LogMemory: Platform Memory Stats for Windows
[2019.05.26-02.21.31:879][  0]LogMemory: Process Physical Memory: 96.17 MB used, 96.17 MB peak
[2019.05.26-02.21.31:879][  0]LogMemory: Process Virtual Memory: 83.65 MB used, 83.65 MB peak
[2019.05.26-02.21.31:879][  0]LogMemory: Physical Memory: 4619.43 MB used,  3439.16 MB free, 8058.59 MB total
[2019.05.26-02.21.31:879][  0]LogMemory: Virtual Memory: 4635.12 MB used,  134213096.00 MB free, 134217728.00 MB total
[2019.05.26-02.21.32:136][  0]LogInit: Using OS detected language (en-US).
[2019.05.26-02.21.32:136][  0]LogInit: Using OS detected locale (en-US).
[2019.05.26-02.21.32:137][  0]LogTextLocalizationManager: No specific localization for 'en-US' exists, so the 'en' localization will be used.
[2019.05.26-02.21.32:437][  0]LogInit: Setting process to per monitor DPI aware
[2019.05.26-02.21.32:478][  0]LogSlate: New Slate User Created.  User Index 0, Is Virtual User: 0
[2019.05.26-02.21.32:478][  0]LogSlate: Slate User Registered.  User Index 0, Is Virtual User: 0
[2019.05.26-02.21.32:831][  0]LogHMD: Failed to initialize OpenVR with code 110
[2019.05.26-02.21.32:831][  0]LogD3D11RHI: D3D11 adapters:
[2019.05.26-02.21.32:875][  0]LogD3D11RHI:    0. 'NVIDIA GeForce 920M' (Feature Level 11_0)
[2019.05.26-02.21.32:875][  0]LogD3D11RHI:       2020/0/4029 MB DedicatedVideo/DedicatedSystem/SharedSystem, Outputs:1, VendorId:0x10de
[2019.05.26-02.21.32:887][  0]LogD3D11RHI:    1. 'Intel(R) HD Graphics 520' (Feature Level 11_0)
[2019.05.26-02.21.32:887][  0]LogD3D11RHI:       128/0/4029 MB DedicatedVideo/DedicatedSystem/SharedSystem, Outputs:0, VendorId:0x8086
[2019.05.26-02.21.32:891][  0]LogD3D11RHI:    2. 'Microsoft Basic Render Driver' (Feature Level 11_0)
[2019.05.26-02.21.32:891][  0]LogD3D11RHI:       0/0/4029 MB DedicatedVideo/DedicatedSystem/SharedSystem, Outputs:0, VendorId:0x1414
[2019.05.26-02.21.32:891][  0]LogD3D11RHI: Chosen D3D11 Adapter: 0
[2019.05.26-02.21.32:954][  0]LogD3D11RHI: Creating new Direct3DDevice
[2019.05.26-02.21.32:954][  0]LogD3D11RHI:     GPU DeviceId: 0x1299 (for the marketing name, search the web for "GPU Device Id")
[2019.05.26-02.21.32:954][  0]LogWindows: EnumDisplayDevices:
[2019.05.26-02.21.32:954][  0]LogWindows:    0. 'Intel(R) HD Graphics 520' (P:1 D:1)
[2019.05.26-02.21.32:955][  0]LogWindows:    1. 'Intel(R) HD Graphics 520' (P:0 D:0)
[2019.05.26-02.21.32:955][  0]LogWindows:    2. 'Intel(R) HD Graphics 520' (P:0 D:0)
[2019.05.26-02.21.32:956][  0]LogWindows: DebugString: PrimaryIsNotTheChoosenAdapter PrimaryIsNotTheChoosenAdapter PrimaryIsNotTheChoosenAdapter FoundDriverCount:0 
[2019.05.26-02.21.32:956][  0]LogD3D11RHI:     Adapter Name: NVIDIA GeForce 920M
[2019.05.26-02.21.32:956][  0]LogD3D11RHI:   Driver Version: Unknown (internal:Unknown, unified:Unknown)
[2019.05.26-02.21.32:956][  0]LogD3D11RHI:      Driver Date: Unknown
[2019.05.26-02.21.32:956][  0]LogRHI: Texture pool is 1414 MB (70% of 2020 MB)
[2019.05.26-02.21.32:988][  0]LogD3D11RHI: Async texture creation enabled
[2019.05.26-02.21.32:997][  0]LogRendererCore: FGlobalReadBuffer::InitRHI
[2019.05.26-02.21.32:998][  0]LogRendererCore: FGlobalReadBuffer::InitRHI
[2019.05.26-02.21.32:998][  0]LogRendererCore: FGlobalReadBuffer::InitRHI
[2019.05.26-02.21.33:008][  0]LogD3D11RHI: GPU Timing Frequency: 1000.000000 (Debug: 2 1)
[2019.05.26-02.21.33:748][  0]LogTemp: Display: Module 'AllDesktopTargetPlatform' loaded TargetPlatform 'AllDesktop'
[2019.05.26-02.21.33:768][  0]LogTemp: Display: Module 'MacClientTargetPlatform' loaded TargetPlatform 'MacClient'
[2019.05.26-02.21.33:790][  0]LogTemp: Display: Module 'MacNoEditorTargetPlatform' loaded TargetPlatform 'MacNoEditor'
[2019.05.26-02.21.33:814][  0]LogTemp: Display: Module 'MacServerTargetPlatform' loaded TargetPlatform 'MacServer'
[2019.05.26-02.21.33:847][  0]LogTemp: Display: Module 'MacTargetPlatform' loaded TargetPlatform 'Mac'
[2019.05.26-02.21.33:868][  0]LogTemp: Display: Module 'WindowsClientTargetPlatform' loaded TargetPlatform 'WindowsClient'
[2019.05.26-02.21.33:890][  0]LogTemp: Display: Module 'WindowsNoEditorTargetPlatform' loaded TargetPlatform 'WindowsNoEditor'
[2019.05.26-02.21.33:910][  0]LogTemp: Display: Module 'WindowsServerTargetPlatform' loaded TargetPlatform 'WindowsServer'
[2019.05.26-02.21.33:922][  0]LogTemp: Display: Module 'WindowsTargetPlatform' loaded TargetPlatform 'Windows'
[2019.05.26-02.21.34:091][  0]LogTemp: Display: Module 'AndroidTargetPlatform' loaded TargetPlatform 'Android'
[2019.05.26-02.21.34:091][  0]LogTemp: Display: Module 'AndroidTargetPlatform' loaded TargetPlatform 'Android_ASTC'
[2019.05.26-02.21.34:091][  0]LogTemp: Display: Module 'AndroidTargetPlatform' loaded TargetPlatform 'Android_ATC'
[2019.05.26-02.21.34:091][  0]LogTemp: Display: Module 'AndroidTargetPlatform' loaded TargetPlatform 'Android_DXT'
[2019.05.26-02.21.34:091][  0]LogTemp: Display: Module 'AndroidTargetPlatform' loaded TargetPlatform 'Android_ETC1'
[2019.05.26-02.21.34:091][  0]LogTemp: Display: Module 'AndroidTargetPlatform' loaded TargetPlatform 'Android_ETC1a'
[2019.05.26-02.21.34:091][  0]LogTemp: Display: Module 'AndroidTargetPlatform' loaded TargetPlatform 'Android_ETC2'
[2019.05.26-02.21.34:091][  0]LogTemp: Display: Module 'AndroidTargetPlatform' loaded TargetPlatform 'Android_PVRTC'
[2019.05.26-02.21.34:091][  0]LogTemp: Display: Module 'AndroidTargetPlatform' loaded TargetPlatform 'AndroidClient'
[2019.05.26-02.21.34:091][  0]LogTemp: Display: Module 'AndroidTargetPlatform' loaded TargetPlatform 'Android_ASTCClient'
[2019.05.26-02.21.34:091][  0]LogTemp: Display: Module 'AndroidTargetPlatform' loaded TargetPlatform 'Android_ATCClient'
[2019.05.26-02.21.34:091][  0]LogTemp: Display: Module 'AndroidTargetPlatform' loaded TargetPlatform 'Android_DXTClient'
[2019.05.26-02.21.34:091][  0]LogTemp: Display: Module 'AndroidTargetPlatform' loaded TargetPlatform 'Android_ETC1Client'
[2019.05.26-02.21.34:091][  0]LogTemp: Display: Module 'AndroidTargetPlatform' loaded TargetPlatform 'Android_ETC1aClient'
[2019.05.26-02.21.34:091][  0]LogTemp: Display: Module 'AndroidTargetPlatform' loaded TargetPlatform 'Android_ETC2Client'
[2019.05.26-02.21.34:091][  0]LogTemp: Display: Module 'AndroidTargetPlatform' loaded TargetPlatform 'Android_PVRTCClient'
[2019.05.26-02.21.34:091][  0]LogTemp: Display: Module 'AndroidTargetPlatform' loaded TargetPlatform 'Android_Multi'
[2019.05.26-02.21.34:091][  0]LogTemp: Display: Module 'AndroidTargetPlatform' loaded TargetPlatform 'Android_MultiClient'
[2019.05.26-02.21.34:094][  0]LogTemp: Display: Module 'HTML5TargetPlatform' loaded TargetPlatform 'HTML5'
[2019.05.26-02.21.34:164][  0]LogTemp: Display: Module 'IOSTargetPlatform' loaded TargetPlatform 'IOSClient'
[2019.05.26-02.21.34:164][  0]LogTemp: Display: Module 'IOSTargetPlatform' loaded TargetPlatform 'IOS'
[2019.05.26-02.21.34:208][  0]LogTemp: Display: Module 'TVOSTargetPlatform' loaded TargetPlatform 'TVOSClient'
[2019.05.26-02.21.34:208][  0]LogTemp: Display: Module 'TVOSTargetPlatform' loaded TargetPlatform 'TVOS'
[2019.05.26-02.21.34:232][  0]LogTemp: Display: Module 'LinuxClientTargetPlatform' loaded TargetPlatform 'LinuxClient'
[2019.05.26-02.21.34:258][  0]LogTemp: Display: Module 'LinuxNoEditorTargetPlatform' loaded TargetPlatform 'LinuxNoEditor'
[2019.05.26-02.21.34:280][  0]LogTemp: Display: Module 'LinuxServerTargetPlatform' loaded TargetPlatform 'LinuxServer'
[2019.05.26-02.21.34:305][  0]LogTemp: Display: Module 'LinuxTargetPlatform' loaded TargetPlatform 'Linux'
[2019.05.26-02.21.34:433][  0]LogTemp: Display: Module 'LuminTargetPlatform' loaded TargetPlatform 'Lumin'
[2019.05.26-02.21.34:433][  0]LogTemp: Display: Module 'LuminTargetPlatform' loaded TargetPlatform 'LuminClient'
[2019.05.26-02.21.34:434][  0]LogTargetPlatformManager: Display: Building Assets For Windows
[2019.05.26-02.21.34:456][  0]LogAudioDebug: Display: Lib vorbis DLL was dynamically loaded.
[2019.05.26-02.21.34:578][  0]LogShaderCompilers: Guid format shader working directory is -26 characters bigger than the processId version (E:/ACEDAMIC/3rd Year/SCS 3113 - Game development/InfiniteMatrixStarter/Intermediate/Shaders/WorkingDirectory/14576/).
[2019.05.26-02.21.34:578][  0]LogShaderCompilers: Cleaned the shader compiler working directory 'C:/Users/Acer/AppData/Local/Temp/UnrealShaderWorkingDir/C6B59A064AF15052EA054A8F46C01E23/'.
[2019.05.26-02.21.34:584][  0]LogXGEController: Cannot use XGE Controller as Incredibuild is not installed on this machine.
[2019.05.26-02.21.34:584][  0]LogShaderCompilers: Cannot use XGE Shader Compiler as Incredibuild is not installed on this machine.
[2019.05.26-02.21.34:584][  0]LogShaderCompilers: Display: Using Local Shader Compiler.
[2019.05.26-02.21.35:604][  0]LogDerivedDataCache: Display: Max Cache Size: 512 MB
[2019.05.26-02.21.35:700][  0]LogDerivedDataCache: Loaded boot cache 0.10s 71MB C:/Users/Acer/AppData/Local/UnrealEngine/4.22/DerivedDataCache/Boot.ddc.
[2019.05.26-02.21.35:700][  0]LogDerivedDataCache: Display: Loaded Boot cache: C:/Users/Acer/AppData/Local/UnrealEngine/4.22/DerivedDataCache/Boot.ddc
[2019.05.26-02.21.35:700][  0]LogDerivedDataCache: FDerivedDataBackendGraph:  Pak pak cache file E:/ACEDAMIC/3rd Year/SCS 3113 - Game development/InfiniteMatrixStarter/DerivedDataCache/DDC.ddp not found, will not use a pak cache.
[2019.05.26-02.21.35:700][  0]LogDerivedDataCache: Unable to find inner node Pak for hierarchical cache Hierarchy.
[2019.05.26-02.21.35:700][  0]LogDerivedDataCache: FDerivedDataBackendGraph:  CompressedPak pak cache file E:/ACEDAMIC/3rd Year/SCS 3113 - Game development/InfiniteMatrixStarter/DerivedDataCache/Compressed.ddp not found, will not use a pak cache.
[2019.05.26-02.21.35:700][  0]LogDerivedDataCache: Unable to find inner node CompressedPak for hierarchical cache Hierarchy.
[2019.05.26-02.21.35:731][  0]LogDerivedDataCache: Display: Pak cache opened for reading ../../../Engine/DerivedDataCache/Compressed.ddp.
[2019.05.26-02.21.35:731][  0]LogDerivedDataCache: FDerivedDataBackendGraph:  EnterprisePak pak cache file ../../../Enterprise/DerivedDataCache/Compressed.ddp not found, will not use a pak cache.
[2019.05.26-02.21.35:731][  0]LogDerivedDataCache: Unable to find inner node EnterprisePak for hierarchical cache Hierarchy.
[2019.05.26-02.21.35:744][  0]LogDerivedDataCache: Using Local data cache path C:/Users/Acer/AppData/Local/UnrealEngine/Common/DerivedDataCache: Writable
[2019.05.26-02.21.35:744][  0]LogDerivedDataCache: Shared data cache path not found in *engine.ini, will not use an Shared cache.
[2019.05.26-02.21.35:744][  0]LogDerivedDataCache: Unable to find inner node Shared for hierarchical cache Hierarchy.
[2019.05.26-02.21.35:787][  0]LogMaterial: Verifying Global Shaders for PCD3D_SM5
[2019.05.26-02.21.35:789][  0]LogSlate: Using FreeType 2.6.0
[2019.05.26-02.21.35:790][  0]LogSlate: SlateFontServices - WITH_FREETYPE: 1, WITH_HARFBUZZ: 1
[2019.05.26-02.21.35:931][  0]LogAssetRegistry: FAssetRegistry took 0.0442 seconds to start up
[2019.05.26-02.21.36:621][  0]LogInit: Selected Device Profile: [Windows]
[2019.05.26-02.21.36:929][  0]LogMeshReduction: Using QuadricMeshReduction for automatic static mesh reduction
[2019.05.26-02.21.36:929][  0]LogMeshReduction: Using SimplygonMeshReduction for automatic skeletal mesh reduction
[2019.05.26-02.21.36:929][  0]LogMeshReduction: Using ProxyLODMeshReduction for automatic mesh merging
[2019.05.26-02.21.36:929][  0]LogMeshReduction: No distributed automatic mesh merging module available
[2019.05.26-02.21.36:929][  0]LogMeshMerging: No distributed automatic mesh merging module available
[2019.05.26-02.21.36:954][  0]LogNetVersion: InfiniteMatrix 1.0.0, NetCL: 5660361, EngineNetVer: 10, GameNetVer: 0 (Checksum: 1975783016)
[2019.05.26-02.21.37:704][  0]LogPackageLocalizationCache: Processed 10 localized package path(s) for 1 prioritized culture(s) in 0.080622 seconds
[2019.05.26-02.21.37:721][  0]LogUObjectArray: 42205 objects as part of root set at end of initial load.
[2019.05.26-02.21.37:721][  0]LogUObjectAllocator: 7325032 out of 0 bytes used by permanent object pool.
[2019.05.26-02.21.37:721][  0]LogUObjectArray: CloseDisregardForGC: 0/0 objects in disregard for GC pool
[2019.05.26-02.22.32:194][  0]LogTcpMessaging: Initializing TcpMessaging bridge
[2019.05.26-02.22.32:372][  0]LogUdpMessaging: Initializing bridge on interface 0.0.0.0:0 to multicast group 230.0.0.1:6666.
[2019.05.26-02.22.35:239][  0]SourceControl: Source control is disabled
[2019.05.26-02.22.35:291][  0]SourceControl: Source control is disabled
[2019.05.26-02.22.35:934][  0]SourceControl: Source control is disabled
[2019.05.26-02.22.36:318][  0]SourceControl: Source control is disabled
[2019.05.26-02.22.40:934][  0]LogAndroidPermission: UAndroidPermissionCallbackProxy::GetInstance
[2019.05.26-02.22.44:479][  0]LogOcInput: OculusInput pre-init called
[2019.05.26-02.22.45:335][  0]LogAssetRegistry: Error: Failed to open file for write E:/ACEDAMIC/3rd Year/SCS 3113 - Game development/InfiniteMatrixStarter/Intermediate/CachedAssetRegistry.bin
[2019.05.26-02.22.48:511][  0]LogEngine: Initializing Engine...
[2019.05.26-02.22.48:754][  0]LogHMD: Failed to initialize OpenVR with code 110
[2019.05.26-02.22.48:795][  0]LogStats: UGameplayTagsManager::InitializeManager -  0.027 s
[2019.05.26-02.22.49:246][  0]LogInit: Initializing FReadOnlyCVARCache
[2019.05.26-02.22.49:813][  0]LogAIModule: Creating AISystem for world Untitled
[2019.05.26-02.22.49:890][  0]LogInit: XAudio2 using 'Speakers (Realtek High Definition Audio)' : 2 channels at 48 kHz using 32 bits per sample (channel mask 0x3)
[2019.05.26-02.22.50:586][  0]LogInit: FAudioDevice initialized.
[2019.05.26-02.22.50:587][  0]LogNetVersion: Set ProjectVersion to 1.0.0.0. Version Checksum will be recalculated on next use.
[2019.05.26-02.22.50:837][  0]LogDerivedDataCache: Error: Could not save memory cache C:/Users/Acer/AppData/Local/UnrealEngine/4.22/DerivedDataCache/Boot.ddc.
[2019.05.26-02.22.50:848][  0]LogInit: Texture streaming: Enabled
[2019.05.26-02.22.51:770][  0]LogEngineSessionManager: EngineSessionManager initialized
[2019.05.26-02.22.52:489][  0]LogInit: Transaction tracking system initialized
[2019.05.26-02.22.53:063][  0]BlueprintLog: New page: Editor Load
[2019.05.26-02.22.56:416][  0]LocalizationService: Localization service is disabled
[2019.05.26-02.23.00:047][  0]LogFileCache: Scanning file cache for directory 'E:/ACEDAMIC/3rd Year/SCS 3113 - Game development/InfiniteMatrixStarter/Content/' took 0.03s
[2019.05.26-02.23.00:047][  0]LogCook: Display: Max memory allowance for cook 16384mb min free memory 0mb
[2019.05.26-02.23.00:047][  0]LogCook: Display: Mobile HDR setting 1
[2019.05.26-02.23.08:134][  0]SourceControl: Source control is disabled
[2019.05.26-02.23.08:178][  0]Cmd: MAP LOAD FILE="E:/ACEDAMIC/3rd Year/SCS 3113 - Game development/InfiniteMatrixStarter/Content/InfiniteMatrix/Maps/TutorialMap.umap" TEMPLATE=0 SHOWPROGRESS=1 FEATURELEVEL=3
[2019.05.26-02.23.08:189][  0]LightingResults: New page: Lighting Build
[2019.05.26-02.23.08:371][  0]MapCheck: New page: Map Check
[2019.05.26-02.23.08:371][  0]LightingResults: New page: Lighting Build
[2019.05.26-02.23.08:419][  0]LogUObjectHash: Compacting FUObjectHashTables data took   3.34ms
[2019.05.26-02.23.09:282][  0]LogTexture: Display: Building textures: HQ_Lightmap0_1 (AutoDXT, 256X256)
[2019.05.26-02.23.09:282][  0]LogTexture: Display: Building textures: HQ_Lightmap0_2 (AutoDXT, 64X64)
[2019.05.26-02.23.09:282][  0]LogTexture: Display: Building textures: LQ_Lightmap_0_2 (DXT1, 64X64)
[2019.05.26-02.23.09:282][  0]LogTexture: Display: Building textures: ShadowMapTexture2D_0 (G8, 128X128)
[2019.05.26-02.23.09:282][  0]LogDerivedDataCache: FFileSystemDerivedDataBackend: Move collision, attempt at redundant update, OK C:/Users/Acer/AppData/Local/UnrealEngine/Common/DerivedDataCache/7/7/7/TEXTURE_68A083899C6F4316B8CE0E2958EDE2C2_AUTODXT_64D7433546D281A3533F1394A2CC1__D7F84EDEC9D85D03E3019AA79B1630D25A475603.udd.
[2019.05.26-02.23.09:282][  0]LogTexture: Display: Building textures: LQ_Lightmap_0_1 (DXT1, 256X256)
[2019.05.26-02.23.09:282][  0]LogDerivedDataCache: FFileSystemDerivedDataBackend: Move collision, attempt at redundant update, OK C:/Users/Acer/AppData/Local/UnrealEngine/Common/DerivedDataCache/0/2/6/TEXTURE_68A083899C6F4316B8CE0E2958EDE2C2_DXT1_B2E1B3F0491F26F5A7B674AD0E8BAF0F__4478DAD0A64D3285DF67A872A7AFB3898BACEC33.udd.
[2019.05.26-02.23.09:282][  0]LogTexture: Display: Building textures: ShadowMapTexture2D_1 (G8, 32X32)
[2019.05.26-02.23.09:282][  0]LogTexture: Display: Building textures: T_Noise (AutoDXT, 2048X2048)
[2019.05.26-02.23.09:282][  0]LogStaticMesh: Building static mesh SM_Tunnel...
[2019.05.26-02.23.09:378][  0]LogTexture: Display: Building textures: T_Binary (AutoDXT, 2048X2048)
[2019.05.26-02.23.09:378][  0]LogStaticMesh: Built static mesh [0.10s] /Game/InfiniteMatrix/Meshes/SM_Tunnel.SM_Tunnel
[2019.05.26-02.23.11:461][  0]LogMaterial: Display: Missing cached shader map for material M_TunnelBase, compiling. 
[2019.05.26-02.23.11:927][  0]LogAIModule: Creating AISystem for world TutorialMap
[2019.05.26-02.23.11:976][  0]LogEditorServer: Finished looking for orphan Actors (0.000 secs)
[2019.05.26-02.23.12:282][  0]LogUObjectHash: Compacting FUObjectHashTables data took   3.26ms
[2019.05.26-02.23.12:353][  0]Cmd: MAP CHECKDEP NOCLEARLOG
[2019.05.26-02.23.12:424][  0]MapCheck: Map check complete: 0 Error(s), 0 Warning(s), took 0.116ms to complete.
[2019.05.26-02.23.12:424][  0]LogFileHelpers: Loading map 'TutorialMap' took 4.245
[2019.05.26-02.23.14:603][  0]LogSlate: Updating window title bar state: overlay mode, drag disabled, window buttons hidden, title bar hidden
[2019.05.26-02.23.14:786][  0]LogSlate: Updating window title bar state: overlay mode, drag disabled, window buttons hidden, title bar hidden
[2019.05.26-02.23.14:807][  0]LogSlate: Updating window title bar state: overlay mode, drag disabled, window buttons hidden, title bar hidden
[2019.05.26-02.23.14:826][  0]LogSlate: Updating window title bar state: overlay mode, drag disabled, window buttons hidden, title bar hidden
[2019.05.26-02.23.15:353][  0]LogCollectionManager: Loaded 0 collections in 0.005124 seconds
[2019.05.26-02.23.15:953][  0]LogFileCache: Scanning file cache for directory 'E:/ACEDAMIC/3rd Year/SCS 3113 - Game development/InfiniteMatrixStarter/Saved/Collections/' took 0.01s
[2019.05.26-02.23.15:953][  0]LogFileCache: Scanning file cache for directory 'E:/ACEDAMIC/3rd Year/SCS 3113 - Game development/InfiniteMatrixStarter/Content/Developers/Acer/Collections/' took 0.00s
[2019.05.26-02.23.15:953][  0]LogFileCache: Scanning file cache for directory 'E:/ACEDAMIC/3rd Year/SCS 3113 - Game development/InfiniteMatrixStarter/Content/Collections/' took 0.00s
[2019.05.26-02.23.15:953][  0]LogCollectionManager: Rebuilt the GUID cache for 0 collections in 0.000000 seconds
[2019.05.26-02.23.16:094][  0]LogContentBrowser: Native class hierarchy populated in 0.1394 seconds. Added 2732 classes and 659 folders.
[2019.05.26-02.23.16:640][  0]LogContentBrowser: Native class hierarchy updated for 'WidgetCarousel' in 0.0009 seconds. Added 0 classes and 0 folders.
[2019.05.26-02.23.16:983][  0]LogPakFile: Registered encryption key '00000000000000000000000000000000': 0 pak files mounted, 0 remain pending
[2019.05.26-02.23.17:062][  0]LogPakFile: Registered encryption key '00000000000000000000000000000000': 0 pak files mounted, 0 remain pending
[2019.05.26-02.23.17:307][  0]LogPakFile: Registered encryption key '00000000000000000000000000000000': 0 pak files mounted, 0 remain pending
[2019.05.26-02.23.17:385][  0]LogPakFile: Registered encryption key '00000000000000000000000000000000': 0 pak files mounted, 0 remain pending
[2019.05.26-02.23.17:427][  0]LogPakFile: Registered encryption key '00000000000000000000000000000000': 0 pak files mounted, 0 remain pending
[2019.05.26-02.23.17:442][  0]LogPakFile: Registered encryption key '00000000000000000000000000000000': 0 pak files mounted, 0 remain pending
[2019.05.26-02.23.17:453][  0]LogPakFile: Registered encryption key '00000000000000000000000000000000': 0 pak files mounted, 0 remain pending
[2019.05.26-02.23.17:465][  0]LogPakFile: Registered encryption key '00000000000000000000000000000000': 0 pak files mounted, 0 remain pending
[2019.05.26-02.23.17:480][  0]LogPakFile: Registered encryption key '00000000000000000000000000000000': 0 pak files mounted, 0 remain pending
[2019.05.26-02.23.17:499][  0]LogPakFile: Registered encryption key '00000000000000000000000000000000': 0 pak files mounted, 0 remain pending
[2019.05.26-02.23.17:507][  0]LogPakFile: Registered encryption key '00000000000000000000000000000000': 0 pak files mounted, 0 remain pending
[2019.05.26-02.23.17:517][  0]LogPakFile: Registered encryption key '00000000000000000000000000000000': 0 pak files mounted, 0 remain pending
[2019.05.26-02.23.17:528][  0]LogPakFile: Registered encryption key '00000000000000000000000000000000': 0 pak files mounted, 0 remain pending
[2019.05.26-02.23.17:608][  0]LogPakFile: Registered encryption key '00000000000000000000000000000000': 0 pak files mounted, 0 remain pending
[2019.05.26-02.23.17:617][  0]LogPakFile: Registered encryption key '00000000000000000000000000000000': 0 pak files mounted, 0 remain pending
[2019.05.26-02.23.17:632][  0]LogPakFile: Registered encryption key '00000000000000000000000000000000': 0 pak files mounted, 0 remain pending
[2019.05.26-02.23.17:763][  0]LogPakFile: Registered encryption key '00000000000000000000000000000000': 0 pak files mounted, 0 remain pending
[2019.05.26-02.23.17:775][  0]LogPakFile: Registered encryption key '00000000000000000000000000000000': 0 pak files mounted, 0 remain pending
[2019.05.26-02.23.17:825][  0]LogPakFile: Registered encryption key '00000000000000000000000000000000': 0 pak files mounted, 0 remain pending
[2019.05.26-02.23.17:846][  0]LogPakFile: Registered encryption key '00000000000000000000000000000000': 0 pak files mounted, 0 remain pending
[2019.05.26-02.23.17:859][  0]LogPakFile: Registered encryption key '00000000000000000000000000000000': 0 pak files mounted, 0 remain pending
[2019.05.26-02.23.17:867][  0]LogPakFile: Registered encryption key '00000000000000000000000000000000': 0 pak files mounted, 0 remain pending
[2019.05.26-02.23.17:877][  0]LogPakFile: Registered encryption key '00000000000000000000000000000000': 0 pak files mounted, 0 remain pending
[2019.05.26-02.23.18:049][  0]LogPakFile: Registered encryption key '00000000000000000000000000000000': 0 pak files mounted, 0 remain pending
[2019.05.26-02.23.18:143][  0]LogPakFile: Registered encryption key '00000000000000000000000000000000': 0 pak files mounted, 0 remain pending
[2019.05.26-02.23.18:160][  0]LogPakFile: Registered encryption key '00000000000000000000000000000000': 0 pak files mounted, 0 remain pending
[2019.05.26-02.23.20:635][  0]LogContentBrowser: Native class hierarchy updated for 'AddContentDialog' in 0.0005 seconds. Added 0 classes and 0 folders.
[2019.05.26-02.23.21:037][  0]LogContentBrowser: Native class hierarchy updated for 'SceneOutliner' in 0.0015 seconds. Added 1 classes and 2 folders.
[2019.05.26-02.23.21:646][  0]LogSlate: Took 0.057431 seconds to synchronously load lazily loaded font '../../../Engine/Content/Slate/Fonts/Roboto-Regular.ttf' (155K)
[2019.05.26-02.23.21:695][  0]LogSlate: Took 0.043669 seconds to synchronously load lazily loaded font '../../../Engine/Content/Slate/Fonts/Roboto-Bold.ttf' (160K)
[2019.05.26-02.23.21:762][  0]LogSlate: Took 0.034404 seconds to synchronously load lazily loaded font '../../../Engine/Content/Editor/Slate/Fonts/FontAwesome.ttf' (139K)
[2019.05.26-02.23.22:466][  0]LogRenderer: Reallocating scene render targets to support 856x396 Format 10 NumSamples 1 (Frame:1).
[2019.05.26-02.23.23:704][  0]LogContentBrowser: Native class hierarchy updated for 'HierarchicalLODOutliner' in 0.0030 seconds. Added 0 classes and 0 folders.
[2019.05.26-02.23.23:705][  0]LogLoad: (Engine Initialization) Total time: 115.01 seconds
[2019.05.26-02.23.23:705][  0]LogLoad: (Engine Initialization) Total Blueprint compile time: 0.14 seconds
[2019.05.26-02.23.24:579][  0]LogContentStreaming: Texture pool size now 1000 MB
[2019.05.26-02.23.25:977][  4]LogAssetRegistry: Asset discovery search completed in 110.0691 seconds
[2019.05.26-02.23.26:025][  4]LogCollectionManager: Rebuilt the object cache for 0 collections in 0.000000 seconds (found 0 objects)
[2019.05.26-02.23.26:026][  4]LogCollectionManager: Fixed up redirectors for 0 collections in 0.000114 seconds (updated 0 objects)
[2019.05.26-02.23.29:119][ 35]LogSlate: Took 0.053306 seconds to synchronously load lazily loaded font '../../../Engine/Content/Slate/Fonts/Roboto-Light.ttf' (167K)
[2019.05.26-04.04.17:185][986]LogHttp: Warning: 000001EA37228CC0: request failed, libcurl error: 56 (Failure when receiving data from the peer)
[2019.05.26-04.04.17:186][986]LogHttp: Warning: 000001EA37228CC0: libcurl info message cache 0 (Found bundle for host datarouter.ol.epicgames.com: 0x1ea201abf70 [can pipeline])
[2019.05.26-04.04.17:187][986]LogHttp: Warning: 000001EA37228CC0: libcurl info message cache 1 (Re-using existing connection! (#38) with host datarouter.ol.epicgames.com)
[2019.05.26-04.04.17:187][986]LogHttp: Warning: 000001EA37228CC0: libcurl info message cache 2 (Connected to datarouter.ol.epicgames.com (52.71.209.217) port 443 (#38))
[2019.05.26-04.04.17:187][986]LogHttp: Warning: 000001EA37228CC0: libcurl info message cache 3 (We are completely uploaded and fine)
[2019.05.26-04.04.17:187][986]LogHttp: Warning: 000001EA37228CC0: libcurl info message cache 4 (OpenSSL SSL_read: SSL_ERROR_SYSCALL, errno 10054)
[2019.05.26-04.04.17:187][986]LogHttp: Warning: 000001EA37228CC0: libcurl info message cache 5 (Connection died, retrying a fresh connect)
[2019.05.26-04.04.17:187][986]LogHttp: Warning: 000001EA37228CC0: libcurl info message cache 6 (necessary data rewind wasn't possible)
[2019.05.26-04.04.17:187][986]LogHttp: Warning: 000001EA37228CC0: libcurl info message cache 7 (Closing connection 38)
[2019.05.26-04.04.17:188][986]LogHttp: Warning: Retry exhausted on https://datarouter.ol.epicgames.com/datarouter/api/v1/public/data?SessionID=%7BBCB7D71D-42C1-A520-67FF-58BA73F77157%7D&AppID=UEEditor.Rocket.Release&AppVersion=4.22.2-6574378%2B%2B%2BUE4%2BRelease-4.22&UserID=c23ff326442d1224e4558c9192a3a968%7C75d3919b08194cf6acb7c63bb9aaf1cc%7Cd82e9d82-40bb-4b99-85ad-5276bd1e6f44&AppEnvironment=datacollector-binary&UploadType=eteventstream
[2019.05.26-04.30.34:821][717]LogHttp: Warning: 000001EA37228CC0: request failed, libcurl error: 6 (Couldn't resolve host name)
[2019.05.26-04.30.34:821][717]LogHttp: Warning: 000001EA37228CC0: libcurl info message cache 0 (Connection 48 seems to be dead!)
[2019.05.26-04.30.34:821][717]LogHttp: Warning: 000001EA37228CC0: libcurl info message cache 1 (Closing connection 48)
[2019.05.26-04.30.34:821][717]LogHttp: Warning: 000001EA37228CC0: libcurl info message cache 2 (TLSv1.2 (OUT), TLS alert, Client hello (1):)
[2019.05.26-04.30.34:821][717]LogHttp: Warning: 000001EA37228CC0: libcurl info message cache 3 (Could not resolve host: datarouter.ol.epicgames.com)
[2019.05.26-04.30.34:821][717]LogHttp: Warning: 000001EA37228CC0: libcurl info message cache 4 (Closing connection 49)
[2019.05.26-04.30.35:159][718]LogHttp: Warning: Retry exhausted on https://datarouter.ol.epicgames.com/datarouter/api/v1/public/data?SessionID=%7BBCB7D71D-42C1-A520-67FF-58BA73F77157%7D&AppID=UEEditor.Rocket.Release&AppVersion=4.22.2-6574378%2B%2B%2BUE4%2BRelease-4.22&UserID=c23ff326442d1224e4558c9192a3a968%7C75d3919b08194cf6acb7c63bb9aaf1cc%7Cd82e9d82-40bb-4b99-85ad-5276bd1e6f44&AppEnvironment=datacollector-binary&UploadType=eteventstream
[2019.05.26-05.58.24:193][215]LogHttp: Warning: 000001EA37228A40: request failed, libcurl error: 56 (Failure when receiving data from the peer)
[2019.05.26-05.58.24:193][215]LogHttp: Warning: 000001EA37228A40: libcurl info message cache 0 (Found bundle for host datarouter.ol.epicgames.com: 0x1ea201abf70 [can pipeline])
[2019.05.26-05.58.24:193][215]LogHttp: Warning: 000001EA37228A40: libcurl info message cache 1 (Re-using existing connection! (#86) with host datarouter.ol.epicgames.com)
[2019.05.26-05.58.24:193][215]LogHttp: Warning: 000001EA37228A40: libcurl info message cache 2 (Connected to datarouter.ol.epicgames.com (54.210.87.163) port 443 (#86))
[2019.05.26-05.58.24:193][215]LogHttp: Warning: 000001EA37228A40: libcurl info message cache 3 (We are completely uploaded and fine)
[2019.05.26-05.58.24:193][215]LogHttp: Warning: 000001EA37228A40: libcurl info message cache 4 (OpenSSL SSL_read: SSL_ERROR_SYSCALL, errno 10054)
[2019.05.26-05.58.24:193][215]LogHttp: Warning: 000001EA37228A40: libcurl info message cache 5 (Connection died, retrying a fresh connect)
[2019.05.26-05.58.24:193][215]LogHttp: Warning: 000001EA37228A40: libcurl info message cache 6 (necessary data rewind wasn't possible)
[2019.05.26-05.58.24:193][215]LogHttp: Warning: 000001EA37228A40: libcurl info message cache 7 (Closing connection 86)
[2019.05.26-05.58.24:209][216]LogHttp: Warning: Retry exhausted on https://datarouter.ol.epicgames.com/datarouter/api/v1/public/data?SessionID=%7BBCB7D71D-42C1-A520-67FF-58BA73F77157%7D&AppID=UEEditor.Rocket.Release&AppVersion=4.22.2-6574378%2B%2B%2BUE4%2BRelease-4.22&UserID=c23ff326442d1224e4558c9192a3a968%7C75d3919b08194cf6acb7c63bb9aaf1cc%7Cd82e9d82-40bb-4b99-85ad-5276bd1e6f44&AppEnvironment=datacollector-binary&UploadType=eteventstream
[2019.05.26-06.06.38:483][456]LogSlate: FSceneViewport::OnFocusLost() reason 0
[2019.05.26-06.06.38:553][460]LogTemp: Repeating last play command: Selected Viewport
[2019.05.26-06.06.38:604][460]LogBlueprintUserMessages: Early PlayInEditor Detection: Level '/Game/InfiniteMatrix/Maps/TutorialMap.TutorialMap:PersistentLevel' has LevelScriptBlueprint '/Game/InfiniteMatrix/Maps/TutorialMap.TutorialMap:PersistentLevel.TutorialMap' with GeneratedClass '/Game/InfiniteMatrix/Maps/TutorialMap.TutorialMap_C' with ClassGeneratedBy '/Game/InfiniteMatrix/Maps/TutorialMap.TutorialMap:PersistentLevel.TutorialMap'
[2019.05.26-06.06.38:606][460]LogPlayLevel: PlayLevel: No blueprints needed recompiling
[2019.05.26-06.06.38:648][460]PIE: New page: PIE session: TutorialMap (May 26, 2019, 5:06:38 PM)
[2019.05.26-06.06.38:687][460]LogPlayLevel: Creating play world package: /Game/InfiniteMatrix/Maps/UEDPIE_0_TutorialMap
[2019.05.26-06.06.38:731][460]LogPlayLevel: PIE: StaticDuplicateObject took: (0.040818s)
[2019.05.26-06.06.38:735][460]LogAIModule: Creating AISystem for world TutorialMap
[2019.05.26-06.06.38:739][460]LogPlayLevel: PIE: World Init took: (0.007582s)
[2019.05.26-06.06.38:739][460]LogPlayLevel: PIE: Created PIE world by copying editor world from /Game/InfiniteMatrix/Maps/TutorialMap.TutorialMap to /Game/InfiniteMatrix/Maps/UEDPIE_0_TutorialMap.TutorialMap (0.052839s)
[2019.05.26-06.06.38:876][460]LogUObjectHash: Compacting FUObjectHashTables data took   6.15ms
[2019.05.26-06.06.38:902][460]LogInit: XAudio2 using 'Speakers (Realtek High Definition Audio)' : 2 channels at 48 kHz using 32 bits per sample (channel mask 0x3)
[2019.05.26-06.06.38:948][460]LogInit: FAudioDevice initialized.
[2019.05.26-06.06.39:019][460]LogLoad: Game class is 'GM_Tutorial_C'
[2019.05.26-06.06.39:046][460]LogWorld: Bringing World /Game/InfiniteMatrix/Maps/UEDPIE_0_TutorialMap.TutorialMap up for play (max tick rate 60) at 2019.05.26-11.36.39
[2019.05.26-06.06.39:046][460]LogWorld: Bringing up level for play took: 0.021423
[2019.05.26-06.06.39:187][460]LogContentBrowser: Native class hierarchy updated for 'MovieSceneCapture' in 0.0088 seconds. Added 20 classes and 0 folders.
[2019.05.26-06.06.39:207][460]PIE: Play in editor start time for /Game/InfiniteMatrix/Maps/UEDPIE_0_TutorialMap 0.136
[2019.05.26-06.06.39:209][460]LogBlueprintUserMessages: Late PlayInEditor Detection: Level '/Game/InfiniteMatrix/Maps/TutorialMap.TutorialMap:PersistentLevel' has LevelScriptBlueprint '/Game/InfiniteMatrix/Maps/TutorialMap.TutorialMap:PersistentLevel.TutorialMap' with GeneratedClass '/Game/InfiniteMatrix/Maps/TutorialMap.TutorialMap_C' with ClassGeneratedBy '/Game/InfiniteMatrix/Maps/TutorialMap.TutorialMap:PersistentLevel.TutorialMap'
[2019.05.26-06.12.08:775][932]LogBlueprintUserMessages: Early EndPlayMap Detection: Level '/Game/InfiniteMatrix/Maps/TutorialMap.TutorialMap:PersistentLevel' has LevelScriptBlueprint '/Game/InfiniteMatrix/Maps/TutorialMap.TutorialMap:PersistentLevel.TutorialMap' with GeneratedClass '/Game/InfiniteMatrix/Maps/TutorialMap.TutorialMap_C' with ClassGeneratedBy '/Game/InfiniteMatrix/Maps/TutorialMap.TutorialMap:PersistentLevel.TutorialMap'
[2019.05.26-06.12.08:776][932]LogSlate: Updating window title bar state: overlay mode, drag disabled, window buttons hidden, title bar hidden
[2019.05.26-06.12.08:811][932]LogPlayLevel: Display: Shutting down PIE online subsystems
[2019.05.26-06.12.08:811][932]LogBlueprintUserMessages: Late EndPlayMap Detection: Level '/Game/InfiniteMatrix/Maps/TutorialMap.TutorialMap:PersistentLevel' has LevelScriptBlueprint '/Game/InfiniteMatrix/Maps/TutorialMap.TutorialMap:PersistentLevel.TutorialMap' with GeneratedClass '/Game/InfiniteMatrix/Maps/TutorialMap.TutorialMap_C' with ClassGeneratedBy '/Game/InfiniteMatrix/Maps/TutorialMap.TutorialMap:PersistentLevel.TutorialMap'
[2019.05.26-06.12.08:860][932]LogSlate: Updating window title bar state: overlay mode, drag disabled, window buttons hidden, title bar hidden
[2019.05.26-06.12.08:866][932]LogUObjectHash: Compacting FUObjectHashTables data took   2.93ms
[2019.05.26-06.12.08:903][933]LogPlayLevel: Display: Destroying online subsystem :Context_1
[2019.05.26-06.12.26:912][ 68]LogSlate: Took 0.000320 seconds to synchronously load lazily loaded font '../../../Engine/Content/Slate/Fonts/Roboto-Light.ttf' (167K)
